 2024-02-13 15:42:13,893 - INFO- =================================> Start of program <==========================================
 2024-02-13 15:42:14,356 - DEBUG- type of batchid values passed: <class 'int'>
 2024-02-13 15:42:31,603 - INFO- =================================> Start of program <==========================================
 2024-02-13 15:42:32,683 - DEBUG- type of batchid values passed: <class 'int'>
 2024-02-13 15:42:32,689 - INFO- deleted 46496503 ocr and json
 2024-02-13 15:42:32,692 - INFO- deleted 46574025 ocr and json
 2024-02-13 15:42:32,702 - INFO- deleted 46573265 ocr and json
 2024-02-13 15:42:32,713 - INFO- deleted 46573985 ocr and json
 2024-02-13 15:42:32,715 - INFO- deleted 46573217 ocr and json
 2024-02-13 15:42:32,718 - INFO- deleted 46573983 ocr and json
 2024-02-13 15:42:32,720 - INFO- deleted 46573264 ocr and json
 2024-02-13 15:42:32,722 - INFO- deleted 46573999 ocr and json
 2024-02-13 15:42:32,725 - INFO- deleted 46496502 ocr and json
 2024-02-13 15:42:32,729 - INFO- deleted 46573971 ocr and json
 2024-02-13 15:42:32,736 - INFO- deleted 46574015 ocr and json
 2024-02-13 15:42:32,748 - INFO- deleted 46573951 ocr and json
 2024-02-13 15:42:32,750 - INFO- deleted 46574035 ocr and json
 2024-02-13 15:42:32,753 - INFO- deleted 46573987 ocr and json
 2024-02-13 15:42:32,756 - INFO- deleted 46573981 ocr and json
 2024-02-13 15:42:32,757 - INFO- deleted 46573999 ocr and json
 2024-02-13 15:42:32,758 - INFO- deleted 46573985 ocr and json
 2024-02-13 15:42:32,759 - INFO- deleted 46573987 ocr and json
 2024-02-13 15:42:32,772 - INFO- deleted 46669037 ocr and json
 2024-02-13 15:42:32,774 - INFO- deleted 46676870 ocr and json
 2024-02-13 15:42:32,783 - INFO- deleted 46692193 ocr and json
 2024-02-13 15:42:32,785 - INFO- deleted 46660889 ocr and json
 2024-02-13 15:42:32,786 - INFO- deleted 46692136 ocr and json
 2024-02-13 15:42:32,787 - INFO- deleted 46692112 ocr and json
 2024-02-13 15:42:32,789 - INFO- deleted 46693752 ocr and json
 2024-02-13 15:42:32,790 - INFO- deleted 46693811 ocr and json
 2024-02-13 15:42:32,791 - INFO- deleted 46693810 ocr and json
 2024-02-13 15:42:32,792 - INFO- deleted 46693750 ocr and json
 2024-02-13 15:42:32,793 - INFO- deleted 46693783 ocr and json
 2024-02-13 15:42:32,794 - INFO- deleted 46693781 ocr and json
 2024-02-13 15:42:32,802 - INFO- deleted 46693790 ocr and json
 2024-02-13 15:42:32,807 - INFO- deleted 46693733 ocr and json
 2024-02-13 15:42:32,809 - INFO- deleted 46692092 ocr and json
 2024-02-13 15:42:32,815 - INFO- deleted 46692091 ocr and json
 2024-02-13 15:42:32,827 - INFO- deleted 46573915 ocr and json
 2024-02-13 15:42:32,833 - INFO- deleted 46573979 ocr and json
 2024-02-13 15:42:32,837 - INFO- deleted 46573975 ocr and json
 2024-02-13 15:42:32,838 - INFO- deleted 46573975 ocr and json
 2024-02-13 15:42:32,845 - INFO- deleted 46573973 ocr and json
 2024-02-13 15:42:32,849 - INFO- deleted 46573969 ocr and json
 2024-02-13 15:42:32,850 - INFO- deleted 46573969 ocr and json
 2024-02-13 15:42:32,852 - INFO- deleted 46573967 ocr and json
 2024-02-13 15:42:32,853 - INFO- deleted 46573967 ocr and json
 2024-02-13 15:42:32,854 - INFO- deleted 46573963 ocr and json
 2024-02-13 15:42:32,855 - INFO- deleted 46573963 ocr and json
 2024-02-13 15:42:32,885 - INFO- deleted 46561169 ocr and json
 2024-02-13 15:42:32,887 - INFO- deleted 46573961 ocr and json
 2024-02-13 15:42:32,895 - INFO- deleted 46573959 ocr and json
 2024-02-13 15:42:32,939 - INFO- deleted 46573957 ocr and json
 2024-02-13 15:42:32,957 - INFO- deleted 46573957 ocr and json
 2024-02-13 15:42:32,983 - INFO- deleted 46573953 ocr and json
 2024-02-13 15:42:33,005 - INFO- deleted 46573949 ocr and json
 2024-02-13 15:42:33,012 - INFO- deleted 46573949 ocr and json
 2024-02-13 15:42:33,017 - INFO- deleted 46573947 ocr and json
 2024-02-13 15:42:33,022 - INFO- deleted 46573947 ocr and json
 2024-02-13 15:42:33,031 - INFO- deleted 46573945 ocr and json
 2024-02-13 15:42:33,034 - INFO- deleted 46573945 ocr and json
 2024-02-13 15:42:33,037 - INFO- deleted 46573943 ocr and json
 2024-02-13 15:42:33,039 - INFO- deleted 46573939 ocr and json
 2024-02-13 15:42:33,041 - INFO- deleted 46573939 ocr and json
 2024-02-13 15:42:33,043 - INFO- deleted 46573937 ocr and json
 2024-02-13 15:42:33,060 - INFO- deleted 46573935 ocr and json
 2024-02-13 15:42:33,061 - INFO- deleted 46573935 ocr and json
 2024-02-13 15:42:33,066 - INFO- deleted 46573933 ocr and json
 2024-02-13 15:42:33,070 - INFO- deleted 46573929 ocr and json
 2024-02-13 15:42:33,072 - INFO- deleted 46573927 ocr and json
 2024-02-13 15:42:33,075 - INFO- deleted 46573925 ocr and json
 2024-02-13 15:42:33,084 - INFO- deleted 46573921 ocr and json
 2024-02-13 15:42:33,087 - INFO- deleted 46573917 ocr and json
 2024-02-13 15:42:33,094 - INFO- deleted 46573913 ocr and json
 2024-02-13 15:42:33,095 - INFO- deleted 46573913 ocr and json
 2024-02-13 15:42:33,098 - INFO- deleted 46573911 ocr and json
 2024-02-13 15:42:33,100 - INFO- deleted 46589247 ocr and json
 2024-02-13 15:42:33,102 - INFO- deleted 46597928 ocr and json
 2024-02-13 15:42:33,103 - INFO- deleted 46597928 ocr and json
 2024-02-13 15:42:33,104 - INFO- deleted 46692183 ocr and json
 2024-02-13 15:42:33,112 - INFO- deleted 46692212 ocr and json
 2024-02-13 15:42:33,114 - INFO- deleted 46692235 ocr and json
 2024-02-13 15:42:33,117 - INFO- deleted 46692173 ocr and json
 2024-02-13 15:42:33,121 - INFO- deleted 46692211 ocr and json
 2024-02-13 15:42:33,127 - INFO- deleted 46692172 ocr and json
 2024-02-13 15:42:33,133 - INFO- deleted 46573991 ocr and json
 2024-02-13 15:42:33,134 - INFO- deleted 46573977 ocr and json
 2024-02-13 15:42:33,136 - INFO- deleted 46573977 ocr and json
 2024-02-13 15:42:33,156 - INFO- deleted 46573965 ocr and json
 2024-02-13 15:42:33,159 - INFO- deleted 46573955 ocr and json
 2024-02-13 15:42:33,163 - INFO- deleted 46573941 ocr and json
 2024-02-13 15:42:33,164 - INFO- deleted 46573941 ocr and json
 2024-02-13 15:42:33,168 - INFO- deleted 46573931 ocr and json
 2024-02-13 15:42:33,172 - INFO- deleted 46573931 ocr and json
 2024-02-13 15:42:33,178 - INFO- deleted 46573919 ocr and json
 2024-02-13 15:42:33,190 - INFO- deleted 46573835 ocr and json
 2024-02-13 15:42:33,200 - INFO- deleted 46573678 ocr and json
 2024-02-13 15:42:33,207 - INFO- deleted 46573677 ocr and json
 2024-02-13 15:42:33,222 - INFO- deleted 46692248 ocr and json
 2024-02-13 15:42:33,224 - INFO- deleted 46496559 ocr and json
 2024-02-13 15:42:33,225 - INFO- deleted 46692184 ocr and json
 2024-02-13 15:42:33,226 - INFO- deleted 46692194 ocr and json
 2024-02-13 15:42:33,229 - INFO- deleted 46693789 ocr and json
 2024-02-13 15:42:33,230 - INFO- deleted 46693803 ocr and json
 2024-02-13 15:42:33,231 - INFO- deleted 46693782 ocr and json
 2024-02-13 15:42:33,241 - INFO- deleted 46573218 ocr and json
 2024-02-13 15:42:33,250 - INFO- deleted 46560169 ocr and json
 2024-02-13 15:42:33,252 - INFO- deleted 46560092 ocr and json
 2024-02-13 15:42:33,257 - INFO- deleted 46573909 ocr and json
 2024-02-13 15:42:33,261 - INFO- deleted 46573907 ocr and json
 2024-02-13 15:42:33,266 - INFO- deleted 46573903 ocr and json
 2024-02-13 15:42:33,270 - INFO- deleted 46573903 ocr and json
 2024-02-13 15:42:33,274 - INFO- deleted 46573899 ocr and json
 2024-02-13 15:42:33,276 - INFO- deleted 46573899 ocr and json
 2024-02-13 15:42:33,279 - INFO- deleted 46573897 ocr and json
 2024-02-13 15:42:33,282 - INFO- deleted 46573897 ocr and json
 2024-02-13 15:42:33,284 - INFO- deleted 46573895 ocr and json
 2024-02-13 15:42:33,286 - INFO- deleted 46573893 ocr and json
 2024-02-13 15:42:33,287 - INFO- deleted 46573893 ocr and json
 2024-02-13 15:42:33,289 - INFO- deleted 46573873 ocr and json
 2024-02-13 15:42:33,291 - INFO- deleted 46573891 ocr and json
 2024-02-13 15:42:33,293 - INFO- deleted 46573890 ocr and json
 2024-02-13 15:42:33,301 - INFO- deleted 46573890 ocr and json
 2024-02-13 15:42:33,309 - INFO- deleted 46573889 ocr and json
 2024-02-13 15:42:33,313 - INFO- deleted 46573888 ocr and json
 2024-02-13 15:42:33,314 - INFO- deleted 46573888 ocr and json
 2024-02-13 15:42:33,318 - INFO- deleted 46573886 ocr and json
 2024-02-13 15:42:33,321 - INFO- deleted 46573885 ocr and json
 2024-02-13 15:42:33,324 - INFO- deleted 46573884 ocr and json
 2024-02-13 15:42:33,325 - INFO- deleted 46573884 ocr and json
 2024-02-13 15:42:33,336 - INFO- deleted 46573882 ocr and json
 2024-02-13 15:42:33,343 - INFO- deleted 46573882 ocr and json
 2024-02-13 15:42:33,350 - INFO- deleted 46573882 ocr and json
 2024-02-13 15:42:33,354 - INFO- deleted 46573881 ocr and json
 2024-02-13 15:42:33,356 - INFO- deleted 46573880 ocr and json
 2024-02-13 15:42:33,361 - INFO- deleted 46573879 ocr and json
 2024-02-13 15:42:33,370 - INFO- deleted 46573879 ocr and json
 2024-02-13 15:42:33,378 - INFO- deleted 46573877 ocr and json
 2024-02-13 15:42:33,381 - INFO- deleted 46573877 ocr and json
 2024-02-13 15:42:33,383 - INFO- deleted 46573876 ocr and json
 2024-02-13 15:42:33,385 - INFO- deleted 46573876 ocr and json
 2024-02-13 15:42:33,392 - INFO- deleted 46573875 ocr and json
 2024-02-13 15:42:33,405 - INFO- deleted 46573874 ocr and json
 2024-02-13 15:42:33,416 - INFO- deleted 46573871 ocr and json
 2024-02-13 15:42:33,427 - INFO- deleted 46573871 ocr and json
 2024-02-13 15:42:33,440 - INFO- deleted 46573870 ocr and json
 2024-02-13 15:42:33,442 - INFO- deleted 46573870 ocr and json
 2024-02-13 15:42:33,444 - INFO- deleted 46573868 ocr and json
 2024-02-13 15:42:33,446 - INFO- deleted 46573868 ocr and json
 2024-02-13 15:42:33,455 - INFO- deleted 46573867 ocr and json
 2024-02-13 15:42:33,462 - INFO- deleted 46573887 ocr and json
 2024-02-13 15:42:33,468 - INFO- deleted 46573887 ocr and json
 2024-02-13 15:42:33,475 - INFO- deleted 46573865 ocr and json
 2024-02-13 15:42:33,481 - INFO- deleted 46573864 ocr and json
 2024-02-13 15:42:33,482 - INFO- deleted 46573864 ocr and json
 2024-02-13 15:42:33,505 - INFO- deleted 46573863 ocr and json
 2024-02-13 15:42:33,512 - INFO- deleted 46573861 ocr and json
 2024-02-13 15:42:33,527 - INFO- deleted 46573860 ocr and json
 2024-02-13 15:42:33,541 - INFO- deleted 46573859 ocr and json
 2024-02-13 15:42:33,557 - INFO- deleted 46573859 ocr and json
 2024-02-13 15:42:33,569 - INFO- deleted 46573857 ocr and json
 2024-02-13 15:42:33,591 - INFO- deleted 46573853 ocr and json
 2024-02-13 15:42:33,602 - INFO- deleted 46573853 ocr and json
 2024-02-13 15:42:33,607 - INFO- deleted 46573851 ocr and json
 2024-02-13 15:42:33,668 - INFO- deleted 46573849 ocr and json
 2024-02-13 15:42:33,712 - INFO- deleted 46573847 ocr and json
 2024-02-13 15:42:33,785 - INFO- deleted 46573843 ocr and json
 2024-02-13 15:42:33,795 - INFO- deleted 46573841 ocr and json
 2024-02-13 15:42:33,825 - INFO- deleted 46573839 ocr and json
 2024-02-13 15:42:33,854 - INFO- deleted 46573837 ocr and json
 2024-02-13 15:42:33,870 - INFO- deleted 46573837 ocr and json
 2024-02-13 15:42:33,886 - INFO- deleted 46573834 ocr and json
 2024-02-13 15:42:33,903 - INFO- deleted 46573832 ocr and json
 2024-02-13 15:42:33,911 - INFO- deleted 46573831 ocr and json
 2024-02-13 15:42:33,918 - INFO- deleted 46573831 ocr and json
 2024-02-13 15:42:33,928 - INFO- deleted 46573830 ocr and json
 2024-02-13 15:42:33,945 - INFO- deleted 46573901 ocr and json
 2024-02-13 15:42:33,948 - INFO- deleted 46573901 ocr and json
 2024-02-13 15:42:33,966 - INFO- deleted 46573892 ocr and json
 2024-02-13 15:42:33,976 - INFO- deleted 46573828 ocr and json
 2024-02-13 15:42:33,982 - INFO- deleted 46573828 ocr and json
 2024-02-13 15:42:34,009 - INFO- deleted 46573827 ocr and json
 2024-02-13 15:42:34,028 - INFO- deleted 46573826 ocr and json
 2024-02-13 15:42:34,042 - INFO- deleted 46573826 ocr and json
 2024-02-13 15:42:34,058 - INFO- deleted 46573825 ocr and json
 2024-02-13 15:42:34,062 - INFO- deleted 46573825 ocr and json
 2024-02-13 15:42:34,072 - INFO- deleted 46573823 ocr and json
 2024-02-13 15:42:34,074 - INFO- deleted 46573823 ocr and json
 2024-02-13 15:42:34,084 - INFO- deleted 46573822 ocr and json
 2024-02-13 15:42:34,096 - INFO- deleted 46573821 ocr and json
 2024-02-13 15:42:34,097 - INFO- deleted 46573821 ocr and json
 2024-02-13 15:42:34,100 - INFO- deleted 46573866 ocr and json
 2024-02-13 15:42:34,102 - INFO- deleted 46573866 ocr and json
 2024-02-13 15:42:34,114 - INFO- deleted 46573878 ocr and json
 2024-02-13 15:42:34,127 - INFO- deleted 46573872 ocr and json
 2024-02-13 15:42:34,129 - INFO- deleted 46573869 ocr and json
 2024-02-13 15:42:34,132 - INFO- deleted 46573862 ocr and json
 2024-02-13 15:42:34,136 - INFO- deleted 46693830 ocr and json
 2024-02-13 15:42:34,156 - INFO- deleted 46693751 ocr and json
 2024-02-13 15:42:34,159 - INFO- deleted 46659037 ocr and json
 2024-02-13 15:42:34,161 - INFO- deleted 46573733 ocr and json
 2024-02-13 15:42:34,163 - INFO- deleted 46573736 ocr and json
 2024-02-13 15:42:34,166 - INFO- deleted 46573732 ocr and json
 2024-02-13 15:42:34,181 - INFO- deleted 46560105 ocr and json
 2024-02-13 15:42:34,188 - INFO- deleted 46573320 ocr and json
 2024-02-13 15:42:34,192 - INFO- deleted 46573836 ocr and json
 2024-02-13 15:42:34,195 - INFO- deleted 46573335 ocr and json
 2024-02-13 15:42:34,198 - INFO- deleted 46573354 ocr and json
 2024-02-13 15:42:34,201 - INFO- deleted 46573745 ocr and json
 2024-02-13 15:42:34,208 - INFO- deleted 46573741 ocr and json
 2024-02-13 15:42:34,216 - INFO- deleted 46573816 ocr and json
 2024-02-13 15:42:34,219 - INFO- deleted 46573357 ocr and json
 2024-02-13 15:42:34,228 - INFO- deleted 46573344 ocr and json
 2024-02-13 15:42:34,231 - INFO- deleted 46573758 ocr and json
 2024-02-13 15:42:34,241 - INFO- deleted 46560229 ocr and json
 2024-02-13 15:42:34,249 - INFO- deleted 46573836 ocr and json
 2024-02-13 15:42:34,253 - INFO- deleted 46573845 ocr and json
 2024-02-13 15:42:34,268 - INFO- deleted 46573318 ocr and json
 2024-02-13 15:42:34,288 - INFO- deleted 46573350 ocr and json
 2024-02-13 15:42:34,296 - INFO- deleted 46573855 ocr and json
 2024-02-13 15:42:34,312 - INFO- deleted 46573883 ocr and json
 2024-02-13 15:42:34,322 - INFO- deleted 46573356 ocr and json
 2024-02-13 15:42:34,338 - INFO- deleted 46496611 ocr and json
 2024-02-13 15:42:34,350 - INFO- deleted 46573318 ocr and json
 2024-02-13 15:42:34,373 - INFO- deleted 46573346 ocr and json
 2024-02-13 15:42:34,388 - INFO- deleted 46573342 ocr and json
 2024-02-13 15:42:34,418 - INFO- deleted 46573340 ocr and json
 2024-02-13 15:42:34,435 - INFO- deleted 46573737 ocr and json
 2024-02-13 15:42:34,495 - INFO- deleted 46573273 ocr and json
 2024-02-13 15:42:34,526 - INFO- deleted 46573733 ocr and json
 2024-02-13 15:42:34,549 - INFO- deleted 46573817 ocr and json
 2024-02-13 15:42:34,572 - INFO- deleted 46573743 ocr and json
 2024-02-13 15:42:34,582 - INFO- deleted 46496561 ocr and json
 2024-02-13 15:42:34,588 - INFO- deleted 46573344 ocr and json
 2024-02-13 15:42:34,612 - INFO- deleted 46573337 ocr and json
 2024-02-13 15:42:34,615 - INFO- deleted 46496561 ocr and json
 2024-02-13 15:42:34,617 - INFO- deleted 46760142 ocr and json
 2024-02-13 15:42:34,621 - INFO- deleted 46573751 ocr and json
 2024-02-13 15:42:34,638 - INFO- deleted 46573755 ocr and json
 2024-02-13 15:42:34,656 - INFO- deleted 46573320 ocr and json
 2024-02-13 15:42:34,662 - INFO- deleted 46496681 ocr and json
 2024-02-13 15:42:34,669 - INFO- deleted 46573336 ocr and json
 2024-02-13 15:42:34,684 - INFO- deleted 46560074 ocr and json
 2024-02-13 15:42:34,699 - INFO- deleted 46760143 ocr and json
 2024-02-13 15:42:34,722 - INFO- deleted 46573753 ocr and json
 2024-02-13 15:42:34,753 - INFO- deleted 46496612 ocr and json
 2024-02-13 15:42:34,778 - INFO- deleted 46573738 ocr and json
 2024-02-13 15:42:34,808 - INFO- deleted 46573345 ocr and json
 2024-02-13 15:42:34,827 - INFO- deleted 46573734 ocr and json
 2024-02-13 15:42:34,862 - INFO- deleted 46573755 ocr and json
 2024-02-13 15:42:34,897 - INFO- deleted 46573334 ocr and json
 2024-02-13 15:42:34,913 - INFO- deleted 46573757 ocr and json
 2024-02-13 15:42:34,946 - INFO- deleted 46560309 ocr and json
 2024-02-13 15:42:34,965 - INFO- deleted 46496600 ocr and json
 2024-02-13 15:42:34,981 - INFO- deleted 46573349 ocr and json
 2024-02-13 15:42:34,993 - INFO- deleted 46573732 ocr and json
 2024-02-13 15:42:35,003 - INFO- deleted 46496610 ocr and json
 2024-02-13 15:42:35,023 - INFO- deleted 46573359 ocr and json
 2024-02-13 15:42:35,029 - INFO- deleted 46795926 ocr and json
 2024-02-13 15:42:35,043 - INFO- deleted 46573342 ocr and json
 2024-02-13 15:42:35,062 - INFO- deleted 46760141 ocr and json
 2024-02-13 15:42:35,091 - INFO- deleted 46573816 ocr and json
 2024-02-13 15:42:35,101 - INFO- deleted 46573357 ocr and json
 2024-02-13 15:42:35,106 - INFO- deleted 46573883 ocr and json
 2024-02-13 15:42:35,112 - INFO- deleted 46496681 ocr and json
 2024-02-13 15:42:35,131 - INFO- deleted 46573740 ocr and json
 2024-02-13 15:42:35,154 - INFO- deleted 46573349 ocr and json
 2024-02-13 15:42:35,165 - INFO- deleted 46573334 ocr and json
 2024-02-13 15:42:35,170 - INFO- deleted 46573749 ocr and json
 2024-02-13 15:42:35,179 - INFO- deleted 46573736 ocr and json
 2024-02-13 15:42:35,227 - INFO- deleted 46561067 ocr and json
 2024-02-13 15:42:35,251 - INFO- deleted 46573341 ocr and json
 2024-02-13 15:42:35,280 - INFO- deleted 46560069 ocr and json
 2024-02-13 15:42:35,285 - INFO- deleted 46573348 ocr and json
 2024-02-13 15:42:35,288 - INFO- deleted 46573350 ocr and json
 2024-02-13 15:42:35,308 - INFO- deleted 46573753 ocr and json
 2024-02-13 15:42:35,326 - INFO- deleted 46573829 ocr and json
 2024-02-13 15:42:35,350 - INFO- deleted 46573347 ocr and json
 2024-02-13 15:42:35,373 - INFO- deleted 46573758 ocr and json
 2024-02-13 15:42:35,388 - INFO- deleted 46573824 ocr and json
 2024-02-13 15:42:35,426 - INFO- deleted 46573341 ocr and json
 2024-02-13 15:42:35,447 - INFO- deleted 46560105 ocr and json
 2024-02-13 15:42:35,476 - INFO- deleted 46573820 ocr and json
 2024-02-13 15:42:35,538 - INFO- deleted 46573824 ocr and json
 2024-02-13 15:42:35,591 - INFO- deleted 46760326 ocr and json
 2024-02-13 15:42:35,601 - INFO- deleted 46760325 ocr and json
 2024-02-13 15:42:35,619 - INFO- deleted 46496680 ocr and json
 2024-02-13 15:42:35,625 - INFO- deleted 46496680 ocr and json
 2024-02-13 15:42:35,647 - INFO- deleted 46760261 ocr and json
 2024-02-13 15:42:35,663 - INFO- deleted 46760238 ocr and json
 2024-02-13 15:42:35,689 - INFO- deleted 46760223 ocr and json
 2024-02-13 15:42:35,706 - INFO- deleted 46573355 ocr and json
 2024-02-13 15:42:35,716 - INFO- deleted 46695079 ocr and json
 2024-02-13 15:42:35,724 - INFO- deleted 46760205 ocr and json
 2024-02-13 15:42:35,726 - INFO- deleted 46760206 ocr and json
 2024-02-13 15:42:35,738 - INFO- deleted 46760178 ocr and json
 2024-02-13 15:42:35,747 - INFO- deleted 46760180 ocr and json
 2024-02-13 15:42:35,750 - INFO- deleted 46760177 ocr and json
 2024-02-13 15:42:35,773 - INFO- deleted 46760179 ocr and json
 2024-02-13 15:42:35,781 - INFO- deleted 46659039 ocr and json
 2024-02-13 15:42:35,789 - INFO- deleted 46573726 ocr and json
 2024-02-13 15:42:35,791 - INFO- deleted 46692732 ocr and json
 2024-02-13 15:42:35,804 - INFO- deleted 46573729 ocr and json
 2024-02-13 15:42:35,818 - INFO- deleted 46795934 ocr and json
 2024-02-13 15:42:35,824 - INFO- deleted 46795954 ocr and json
 2024-02-13 15:42:35,839 - INFO- deleted 46574073 ocr and json
 2024-02-13 15:42:35,840 - INFO- deleted 46795943 ocr and json
 2024-02-13 15:42:35,841 - INFO- deleted 46573726 ocr and json
 2024-02-13 15:42:35,842 - INFO- deleted 46795934 ocr and json
 2024-02-13 15:42:35,843 - INFO- deleted 46790339 ocr and json
 2024-02-13 15:42:35,850 - INFO- deleted 46790351 ocr and json
 2024-02-13 15:42:35,851 - INFO- deleted 46795939 ocr and json
 2024-02-13 15:42:35,852 - INFO- deleted 46790344 ocr and json
 2024-02-13 15:42:35,853 - INFO- deleted 46795950 ocr and json
 2024-02-13 15:42:35,855 - INFO- deleted 46795940 ocr and json
 2024-02-13 15:42:35,856 - INFO- deleted 46795949 ocr and json
 2024-02-13 15:42:35,867 - INFO- deleted 46790347 ocr and json
 2024-02-13 15:42:35,874 - INFO- deleted 46789893 ocr and json
 2024-02-13 15:42:35,884 - INFO- deleted 46573352 ocr and json
 2024-02-13 15:42:35,932 - INFO- deleted 46574080 ocr and json
 2024-02-13 15:42:35,940 - INFO- deleted 46795954 ocr and json
 2024-02-13 15:42:35,951 - INFO- deleted 46574074 ocr and json
 2024-02-13 15:42:35,959 - INFO- deleted 46790346 ocr and json
 2024-02-13 15:42:35,961 - INFO- deleted 46795941 ocr and json
 2024-02-13 15:42:35,969 - INFO- deleted 46573722 ocr and json
 2024-02-13 15:42:35,972 - INFO- deleted 46573729 ocr and json
 2024-02-13 15:42:35,978 - INFO- deleted 46574070 ocr and json
 2024-02-13 15:42:35,982 - INFO- deleted 46789896 ocr and json
 2024-02-13 15:42:35,993 - INFO- deleted 46790352 ocr and json
 2024-02-13 15:42:36,006 - INFO- deleted 46574076 ocr and json
 2024-02-13 15:42:36,012 - INFO- deleted 46573731 ocr and json
 2024-02-13 15:42:36,014 - INFO- deleted 46795948 ocr and json
 2024-02-13 15:42:36,021 - INFO- deleted 46795939 ocr and json
 2024-02-13 15:42:36,042 - INFO- deleted 46574081 ocr and json
 2024-02-13 15:42:36,056 - INFO- deleted 46795934 ocr and json
 2024-02-13 15:42:36,060 - INFO- deleted 46795942 ocr and json
 2024-02-13 15:42:36,074 - INFO- deleted 46795947 ocr and json
 2024-02-13 15:42:36,088 - INFO- deleted 46790350 ocr and json
 2024-02-13 15:42:36,099 - INFO- deleted 46573353 ocr and json
 2024-02-13 15:42:36,104 - INFO- deleted 46795953 ocr and json
 2024-02-13 15:42:36,106 - INFO- deleted 46789894 ocr and json
 2024-02-13 15:42:36,121 - INFO- deleted 46573343 ocr and json
 2024-02-13 15:42:36,130 - INFO- deleted 46790350 ocr and json
 2024-02-13 15:42:36,138 - INFO- deleted 46795936 ocr and json
 2024-02-13 15:42:36,157 - INFO- deleted 46795946 ocr and json
 2024-02-13 15:42:36,190 - INFO- deleted 46795945 ocr and json
 2024-02-13 15:42:36,223 - INFO- deleted 46574078 ocr and json
 2024-02-13 15:42:36,246 - INFO- deleted 46574072 ocr and json
 2024-02-13 15:42:36,261 - INFO- deleted 46573351 ocr and json
 2024-02-13 15:42:36,265 - INFO- deleted 46790338 ocr and json
 2024-02-13 15:42:36,272 - INFO- deleted 46795951 ocr and json
 2024-02-13 15:42:36,281 - INFO- deleted 46790337 ocr and json
 2024-02-13 15:42:36,288 - INFO- deleted 46760140 ocr and json
 2024-02-13 15:42:36,300 - INFO- deleted 46795934 ocr and json
 2024-02-13 15:42:36,308 - INFO- deleted 46795931 ocr and json
 2024-02-13 15:42:36,323 - INFO- deleted 46574083 ocr and json
 2024-02-13 15:42:36,340 - INFO- deleted 46790338 ocr and json
 2024-02-13 15:42:36,351 - INFO- deleted 46573728 ocr and json
 2024-02-13 15:42:36,365 - INFO- deleted 46574071 ocr and json
 2024-02-13 15:42:36,376 - INFO- deleted 46574081 ocr and json
 2024-02-13 15:42:36,381 - INFO- deleted 46760357 ocr and json
 2024-02-13 15:42:36,388 - INFO- deleted 46795932 ocr and json
 2024-02-13 15:42:36,409 - INFO- deleted 46573760 ocr and json
 2024-02-13 15:42:36,416 - INFO- deleted 46574076 ocr and json
 2024-02-13 15:42:36,420 - INFO- deleted 46573351 ocr and json
 2024-02-13 15:42:36,437 - INFO- deleted 46573735 ocr and json
 2024-02-13 15:42:36,446 - INFO- deleted 46573720 ocr and json
 2024-02-13 15:42:36,450 - INFO- deleted 46790348 ocr and json
 2024-02-13 15:42:36,473 - INFO- deleted 46573338 ocr and json
 2024-02-13 15:42:36,479 - INFO- deleted 46795934 ocr and json
 2024-02-13 15:42:36,482 - INFO- deleted 46573818 ocr and json
 2024-02-13 15:42:36,497 - INFO- deleted 46573739 ocr and json
 2024-02-13 15:42:36,508 - INFO- deleted 46795928 ocr and json
 2024-02-13 15:42:36,510 - INFO- deleted 46573352 ocr and json
 2024-02-13 15:42:36,513 - INFO- deleted 46573724 ocr and json
 2024-02-13 15:42:36,518 - INFO- deleted 46795927 ocr and json
 2024-02-13 15:42:36,523 - INFO- deleted 46790352 ocr and json
 2024-02-13 15:42:36,528 - INFO- deleted 46789894 ocr and json
 2024-02-13 15:42:36,534 - INFO- deleted 46795947 ocr and json
 2024-02-13 15:42:36,536 - INFO- deleted 46573730 ocr and json
 2024-02-13 15:42:36,537 - INFO- deleted 46790353 ocr and json
 2024-02-13 15:42:36,537 - INFO- deleted 46795955 ocr and json
 2024-02-13 15:42:36,539 - INFO- deleted 46795935 ocr and json
 2024-02-13 15:42:36,539 - INFO- deleted 46795956 ocr and json
 2024-02-13 15:42:36,540 - INFO- deleted 46574070 ocr and json
 2024-02-13 15:42:36,541 - INFO- deleted 46790339 ocr and json
 2024-02-13 15:42:36,542 - INFO- deleted 46790353 ocr and json
 2024-02-13 15:42:36,543 - INFO- deleted 46573728 ocr and json
 2024-02-13 15:42:36,553 - INFO- deleted 46574082 ocr and json
 2024-02-13 15:42:36,560 - INFO- deleted 46795940 ocr and json
 2024-02-13 15:42:36,571 - INFO- deleted 46795949 ocr and json
 2024-02-13 15:42:36,573 - INFO- deleted 46795929 ocr and json
 2024-02-13 15:42:36,575 - INFO- deleted 46795952 ocr and json
 2024-02-13 15:42:36,584 - INFO- deleted 46574079 ocr and json
 2024-02-13 15:42:36,586 - INFO- deleted 46795944 ocr and json
 2024-02-13 15:42:36,598 - INFO- deleted 46574077 ocr and json
 2024-02-13 15:42:36,603 - INFO- deleted 46790351 ocr and json
 2024-02-13 15:42:36,604 - INFO- deleted 46795943 ocr and json
 2024-02-13 15:42:36,605 - INFO- deleted 46574080 ocr and json
 2024-02-13 15:42:36,606 - INFO- deleted 46795956 ocr and json
 2024-02-13 15:42:36,607 - INFO- deleted 46790343 ocr and json
 2024-02-13 15:42:36,608 - INFO- deleted 46573343 ocr and json
 2024-02-13 15:42:36,608 - INFO- deleted 46574080 ocr and json
 2024-02-13 15:42:36,635 - INFO- deleted 46574075 ocr and json
 2024-02-13 15:42:36,660 - INFO- deleted 46790345 ocr and json
 2024-02-13 15:42:36,666 - INFO- deleted 46573747 ocr and json
 2024-02-13 15:42:36,667 - INFO- deleted 46790336 ocr and json
 2024-02-13 15:42:36,670 - INFO- deleted 46574082 ocr and json
 2024-02-13 15:42:36,688 - INFO- deleted 46760344 ocr and json
 2024-02-13 15:42:36,695 - INFO- deleted 46760344 ocr and json
 2024-02-13 15:42:36,697 - INFO- deleted 46790349 ocr and json
 2024-02-13 15:42:36,701 - INFO- deleted 46790342 ocr and json
 2024-02-13 15:42:36,725 - INFO- deleted 46790341 ocr and json
 2024-02-13 15:42:36,732 - INFO- deleted 46790340 ocr and json
 2024-02-13 15:42:36,746 - INFO- deleted 46785957 ocr and json
 2024-02-13 15:42:36,762 - INFO- deleted 46785956 ocr and json
 2024-02-13 15:42:36,788 - INFO- deleted 46785955 ocr and json
 2024-02-13 15:42:36,791 - INFO- deleted 46767288 ocr and json
 2024-02-13 15:42:36,793 - INFO- deleted 46693734 ocr and json
 2024-02-13 15:42:36,823 - INFO- deleted 46693734 ocr and json
 2024-02-13 15:42:36,844 - INFO- deleted 46795933 ocr and json
 2024-02-13 15:42:36,859 - INFO- deleted 46787511 ocr and json
 2024-02-13 15:42:36,884 - INFO- deleted 46787501 ocr and json
 2024-02-13 15:42:36,892 - INFO- deleted 46659049 ocr and json
 2024-02-13 15:42:36,915 - INFO- deleted 46692190 ocr and json
 2024-02-13 15:42:36,919 - INFO- deleted 46785960 ocr and json
 2024-02-13 15:42:36,944 - INFO- deleted 46789891 ocr and json
 2024-02-13 15:42:36,966 - INFO- deleted 46659041 ocr and json
 2024-02-13 15:42:36,977 - INFO- deleted 46760181 ocr and json
 2024-02-13 15:42:36,991 - INFO- deleted 46573319 ocr and json
 2024-02-13 15:42:37,004 - INFO- deleted 46767286 ocr and json
 2024-02-13 15:42:37,009 - INFO- deleted 46767386 ocr and json
 2024-02-13 15:42:37,021 - INFO- deleted 46795937 ocr and json
 2024-02-13 15:42:37,032 - INFO- deleted 46789891 ocr and json
 2024-02-13 15:42:37,040 - INFO- deleted 46795938 ocr and json
 2024-02-13 15:42:37,041 - INFO- deleted 46789891 ocr and json
 2024-02-13 15:42:37,045 - INFO- deleted 46795930 ocr and json
 2024-02-13 15:42:37,070 - INFO- deleted 46787421 ocr and json
 2024-02-13 15:42:37,075 - INFO- deleted 46787481 ocr and json
 2024-02-13 15:42:37,098 - INFO- deleted 46769264 ocr and json
 2024-02-13 15:42:37,107 - INFO- deleted 46789891 ocr and json
 2024-02-13 15:42:37,134 - INFO- deleted 46767318 ocr and json
 2024-02-13 15:42:37,136 - INFO- deleted 46769263 ocr and json
 2024-02-13 15:42:37,146 - INFO- deleted 46789891 ocr and json
 2024-02-13 15:42:37,148 - INFO- deleted 46573319 ocr and json
 2024-02-13 15:42:37,164 - INFO- deleted 46789892 ocr and json
 2024-02-13 15:42:37,186 - INFO- deleted 46692085 ocr and json
 2024-02-13 15:42:37,191 - INFO- deleted 46692095 ocr and json
 2024-02-13 15:42:37,194 - INFO- deleted 46659051 ocr and json
 2024-02-13 15:42:37,195 - INFO- deleted 46658984 ocr and json
 2024-02-13 15:42:37,196 - INFO- deleted 46658992 ocr and json
 2024-02-13 15:42:37,197 - INFO- deleted 46658993 ocr and json
 2024-02-13 15:42:37,199 - INFO- deleted 46767317 ocr and json
 2024-02-13 15:42:37,200 - INFO- deleted 46769228 ocr and json
 2024-02-13 15:42:37,201 - INFO- deleted 46787422 ocr and json
 2024-02-13 15:42:37,226 - INFO- deleted 46760246 ocr and json
 2024-02-13 15:42:37,230 - INFO- deleted 46769227 ocr and json
 2024-02-13 15:42:37,264 - INFO- deleted 46787407 ocr and json
 2024-02-13 15:42:37,265 - INFO- deleted 46787406 ocr and json
 2024-02-13 15:42:37,288 - INFO- deleted 46787406 ocr and json
 2024-02-13 15:42:37,291 - INFO- deleted 46787514 ocr and json
 2024-02-13 15:42:37,294 - INFO- deleted 46787512 ocr and json
 2024-02-13 15:42:37,295 - INFO- deleted 46787512 ocr and json
 2024-02-13 15:42:37,298 - INFO- deleted 46785931 ocr and json
 2024-02-13 15:42:37,367 - INFO- deleted 46692178 ocr and json
 2024-02-13 15:42:37,413 - INFO- deleted 46693736 ocr and json
 2024-02-13 15:42:37,448 - INFO- deleted 46785965 ocr and json
 2024-02-13 15:42:37,452 - INFO- deleted 46785978 ocr and json
 2024-02-13 15:42:37,462 - INFO- deleted 46695080 ocr and json
 2024-02-13 15:42:37,494 - INFO- deleted 46693735 ocr and json
 2024-02-13 15:42:37,524 - INFO- deleted 46692096 ocr and json
 2024-02-13 15:42:37,540 - INFO- deleted 46769230 ocr and json
 2024-02-13 15:42:37,717 - INFO- deleted 47374948 ocr and json
 2024-02-13 15:42:37,831 - INFO- deleted 47382490 ocr and json
 2024-02-13 15:42:37,863 - INFO- deleted 47382491 ocr and json
 2024-02-13 15:42:38,189 - INFO- deleted 47530173 ocr and json
 2024-02-13 15:42:38,247 - INFO- deleted 47530173 ocr and json
 2024-02-13 15:43:17,106 - INFO- =================================> Start of program <==========================================
 2024-02-13 15:43:17,497 - DEBUG- type of batchid values passed: <class 'int'>
 2024-02-13 15:43:17,768 - INFO- deleted 49121277 ocr and json
 2024-02-13 15:43:27,408 - INFO- =================================> Start of program <==========================================
 2024-02-13 15:43:27,878 - DEBUG- type of batchid values passed: <class 'int'>
 2024-02-17 23:23:12,449 - INFO- ===============================> Start of program <=========================================
 2024-02-17 23:23:19,842 - DEBUG- type of batchid values passed: <class 'int'>
 2024-02-17 23:23:19,842 - INFO- deleted 51213574 ocr and json
 2024-02-17 23:23:19,842 - INFO- deleted 51213573 ocr and json
 2024-02-17 23:23:19,842 - INFO- deleted 51213472 ocr and json
 2024-02-17 23:23:19,857 - INFO- deleted 51213470 ocr and json
 2024-02-17 23:23:19,857 - INFO- deleted 51209699 ocr and json
 2024-02-17 23:23:19,871 - INFO- deleted 51161542 ocr and json
 2024-02-17 23:23:19,871 - INFO- deleted 51161541 ocr and json
 2024-02-17 23:23:19,871 - INFO- deleted 51161540 ocr and json
 2024-02-17 23:23:19,955 - INFO- deleted 51094471 ocr and json
 2024-02-17 23:23:20,055 - INFO- deleted 51175995 ocr and json
 2024-02-17 23:23:20,057 - INFO- deleted 51166627 ocr and json
 2024-02-17 23:23:20,058 - INFO- deleted 51166442 ocr and json
 2024-02-17 23:23:20,061 - INFO- deleted 51165577 ocr and json
 2024-02-17 23:23:20,064 - INFO- deleted 51166008 ocr and json
 2024-02-17 23:23:20,065 - INFO- deleted 51166009 ocr and json
 2024-02-17 23:23:20,066 - INFO- deleted 51166007 ocr and json
 2024-02-17 23:23:20,067 - INFO- deleted 51165601 ocr and json
 2024-02-17 23:23:20,068 - INFO- deleted 51165600 ocr and json
 2024-02-17 23:23:20,069 - INFO- deleted 51165599 ocr and json
 2024-02-17 23:23:20,071 - INFO- deleted 51165598 ocr and json
 2024-02-17 23:23:20,073 - INFO- deleted 51165597 ocr and json
 2024-02-17 23:23:20,075 - INFO- deleted 51165596 ocr and json
 2024-02-17 23:23:20,079 - INFO- deleted 51165595 ocr and json
 2024-02-17 23:23:20,080 - INFO- deleted 51165594 ocr and json
 2024-02-17 23:23:20,087 - INFO- deleted 51165593 ocr and json
 2024-02-17 23:23:20,088 - INFO- deleted 51165592 ocr and json
 2024-02-17 23:23:20,090 - INFO- deleted 51165591 ocr and json
 2024-02-17 23:23:20,099 - INFO- deleted 51165590 ocr and json
 2024-02-17 23:23:20,105 - INFO- deleted 51165589 ocr and json
 2024-02-17 23:23:20,107 - INFO- deleted 51165588 ocr and json
 2024-02-17 23:23:20,108 - INFO- deleted 51165587 ocr and json
 2024-02-17 23:23:20,110 - INFO- deleted 51165586 ocr and json
 2024-02-17 23:23:20,111 - INFO- deleted 51165585 ocr and json
 2024-02-17 23:23:20,113 - INFO- deleted 51165584 ocr and json
 2024-02-17 23:23:20,115 - INFO- deleted 51165583 ocr and json
 2024-02-17 23:23:20,119 - INFO- deleted 51164886 ocr and json
 2024-02-17 23:23:20,132 - INFO- deleted 51164885 ocr and json
 2024-02-17 23:23:20,136 - INFO- deleted 51164877 ocr and json
 2024-02-17 23:23:20,138 - INFO- deleted 51164883 ocr and json
 2024-02-17 23:23:20,148 - INFO- deleted 51164882 ocr and json
 2024-02-17 23:23:20,150 - INFO- deleted 51164881 ocr and json
 2024-02-17 23:23:20,151 - INFO- deleted 51164880 ocr and json
 2024-02-17 23:23:20,152 - INFO- deleted 51164879 ocr and json
 2024-02-17 23:23:20,161 - INFO- deleted 51164878 ocr and json
 2024-02-17 23:23:20,163 - INFO- deleted 51164872 ocr and json
 2024-02-17 23:23:20,164 - INFO- deleted 51164876 ocr and json
 2024-02-17 23:23:20,166 - INFO- deleted 51164875 ocr and json
 2024-02-17 23:23:20,167 - INFO- deleted 51164874 ocr and json
 2024-02-17 23:23:20,169 - INFO- deleted 51164873 ocr and json
 2024-02-17 23:23:20,171 - INFO- deleted 51164884 ocr and json
 2024-02-17 23:23:20,179 - INFO- deleted 51152771 ocr and json
 2024-02-17 23:23:20,183 - INFO- deleted 51133927 ocr and json
 2024-02-17 23:23:20,188 - INFO- deleted 51133929 ocr and json
 2024-02-17 23:23:20,191 - INFO- deleted 51133928 ocr and json
 2024-02-17 23:23:20,192 - INFO- deleted 51133926 ocr and json
 2024-02-17 23:23:20,194 - INFO- deleted 51133925 ocr and json
 2024-02-17 23:23:20,195 - INFO- deleted 51133924 ocr and json
 2024-02-17 23:23:20,197 - INFO- deleted 51133760 ocr and json
 2024-02-17 23:23:20,207 - INFO- deleted 51133762 ocr and json
 2024-02-17 23:23:20,209 - INFO- deleted 51133761 ocr and json
 2024-02-17 23:23:20,255 - INFO- deleted 51094411 ocr and json
 2024-02-17 23:23:20,256 - INFO- deleted 51094410 ocr and json
 2024-02-17 23:23:20,258 - INFO- deleted 51094409 ocr and json
 2024-02-17 23:23:20,273 - INFO- deleted 51093088 ocr and json
 2024-02-17 23:23:20,275 - INFO- deleted 51093087 ocr and json
 2024-02-17 23:23:20,276 - INFO- deleted 51093086 ocr and json
 2024-02-17 23:23:20,300 - INFO- deleted 51084891 ocr and json
 2024-02-17 23:23:20,301 - INFO- deleted 51084890 ocr and json
 2024-02-17 23:23:20,302 - INFO- deleted 51084889 ocr and json
 2024-02-17 23:23:20,318 - INFO- deleted 51084686 ocr and json
 2024-02-17 23:23:20,322 - INFO- deleted 51084690 ocr and json
 2024-02-17 23:23:20,323 - INFO- deleted 51084689 ocr and json
 2024-02-17 23:23:20,325 - INFO- deleted 51084688 ocr and json
 2024-02-17 23:23:20,326 - INFO- deleted 51084687 ocr and json
 2024-02-17 23:23:20,440 - INFO- deleted 51135293 ocr and json
 2024-02-17 23:23:20,475 - INFO- deleted 51128248 ocr and json
 2024-02-17 23:23:20,477 - INFO- deleted 51127272 ocr and json
 2024-02-17 23:23:20,479 - INFO- deleted 51127271 ocr and json
 2024-02-17 23:23:20,480 - INFO- deleted 51127270 ocr and json
 2024-02-17 23:23:20,482 - INFO- deleted 51127269 ocr and json
 2024-02-17 23:23:20,483 - INFO- deleted 51127268 ocr and json
 2024-02-17 23:23:20,485 - INFO- deleted 51127267 ocr and json
 2024-02-17 23:23:20,492 - INFO- deleted 51127266 ocr and json
 2024-02-17 23:23:20,557 - INFO- deleted 51094476 ocr and json
 2024-02-17 23:23:20,558 - INFO- deleted 51094475 ocr and json
 2024-02-17 23:23:20,569 - INFO- deleted 51094474 ocr and json
 2024-02-17 23:23:20,606 - INFO- deleted 51084892 ocr and json
 2024-02-17 23:23:20,611 - INFO- deleted 51084685 ocr and json
 2024-02-17 23:23:20,680 - INFO- deleted 51055481 ocr and json
 2024-02-17 23:23:20,682 - INFO- deleted 51055480 ocr and json
 2024-02-17 23:23:20,692 - INFO- deleted 51055479 ocr and json
 2024-02-17 23:23:20,834 - INFO- deleted 51051513 ocr and json
 2024-02-17 23:23:20,835 - INFO- deleted 51051511 ocr and json
 2024-02-17 23:23:20,836 - INFO- deleted 51051506 ocr and json
 2024-02-17 23:23:20,837 - INFO- deleted 51051505 ocr and json
 2024-02-17 23:23:20,838 - INFO- deleted 51051504 ocr and json
 2024-02-17 23:23:20,846 - INFO- deleted 51051515 ocr and json
 2024-02-17 23:23:20,890 - INFO- deleted 51038708 ocr and json
 2024-02-17 23:23:20,990 - INFO- deleted 51084894 ocr and json
 2024-02-17 23:23:20,996 - INFO- deleted 51084893 ocr and json
 2024-02-17 23:23:21,021 - INFO- deleted 51056407 ocr and json
 2024-02-17 23:23:21,027 - INFO- deleted 51056412 ocr and json
 2024-02-17 23:23:21,053 - INFO- deleted 51056411 ocr and json
 2024-02-17 23:23:21,186 - INFO- deleted 51051851 ocr and json
 2024-02-17 23:23:21,213 - INFO- deleted 51051849 ocr and json
 2024-02-17 23:23:21,237 - INFO- deleted 51051847 ocr and json
 2024-02-17 23:23:21,273 - INFO- deleted 51051845 ocr and json
 2024-02-17 23:23:21,277 - INFO- deleted 51051843 ocr and json
 2024-02-17 23:23:21,366 - INFO- deleted 51051840 ocr and json
 2024-02-17 23:23:21,418 - INFO- deleted 51051140 ocr and json
 2024-02-17 23:23:21,458 - INFO- deleted 51051138 ocr and json
 2024-02-17 23:23:21,544 - INFO- deleted 51051136 ocr and json
 2024-02-17 23:23:21,700 - INFO- deleted 51036721 ocr and json
 2024-02-17 23:23:21,811 - INFO- deleted 51036726 ocr and json
 2024-02-17 23:23:21,917 - INFO- deleted 51036725 ocr and json
 2024-02-17 23:23:22,017 - INFO- deleted 51036724 ocr and json
 2024-02-17 23:23:22,049 - INFO- deleted 51036723 ocr and json
 2024-02-17 23:23:22,098 - INFO- deleted 51036722 ocr and json
 2024-02-17 23:23:22,269 - INFO- deleted 51056410 ocr and json
 2024-02-17 23:23:22,305 - INFO- deleted 51056409 ocr and json
 2024-02-17 23:23:22,323 - INFO- deleted 51056408 ocr and json
 2024-02-17 23:23:22,333 - INFO- deleted 51056406 ocr and json
 2024-02-17 23:23:22,383 - INFO- deleted 51041906 ocr and json
 2024-02-17 23:23:22,397 - INFO- deleted 51041929 ocr and json
 2024-02-17 23:23:22,399 - INFO- deleted 51041928 ocr and json
 2024-02-17 23:23:22,430 - INFO- deleted 51041927 ocr and json
 2024-02-17 23:23:22,456 - INFO- deleted 51041926 ocr and json
 2024-02-17 23:23:22,509 - INFO- deleted 51041925 ocr and json
 2024-02-17 23:23:22,516 - INFO- deleted 51041924 ocr and json
 2024-02-17 23:23:22,526 - INFO- deleted 51041923 ocr and json
 2024-02-17 23:23:22,538 - INFO- deleted 51041922 ocr and json
 2024-02-17 23:23:22,542 - INFO- deleted 51041921 ocr and json
 2024-02-17 23:23:22,552 - INFO- deleted 51041920 ocr and json
 2024-02-17 23:23:22,554 - INFO- deleted 51041919 ocr and json
 2024-02-17 23:23:22,556 - INFO- deleted 51041918 ocr and json
 2024-02-17 23:23:22,564 - INFO- deleted 51041917 ocr and json
 2024-02-17 23:23:22,569 - INFO- deleted 51041916 ocr and json
 2024-02-17 23:23:22,579 - INFO- deleted 51041915 ocr and json
 2024-02-17 23:23:22,585 - INFO- deleted 51041914 ocr and json
 2024-02-17 23:23:22,589 - INFO- deleted 51041913 ocr and json
 2024-02-17 23:23:22,600 - INFO- deleted 51041912 ocr and json
 2024-02-17 23:23:22,602 - INFO- deleted 51041911 ocr and json
 2024-02-17 23:23:22,608 - INFO- deleted 51041910 ocr and json
 2024-02-17 23:23:22,616 - INFO- deleted 51041909 ocr and json
 2024-02-17 23:23:22,621 - INFO- deleted 51041908 ocr and json
 2024-02-17 23:23:22,637 - INFO- deleted 51041907 ocr and json
 2024-02-17 23:23:22,757 - INFO- deleted 51036766 ocr and json
 2024-02-17 23:23:22,766 - INFO- deleted 51036770 ocr and json
 2024-02-17 23:23:22,770 - INFO- deleted 51036768 ocr and json
 2024-02-17 23:23:22,900 - INFO- deleted 51036718 ocr and json
 2024-02-17 23:23:22,909 - INFO- deleted 51036720 ocr and json
 2024-02-17 23:23:22,913 - INFO- deleted 51036719 ocr and json
 2024-02-17 23:23:22,956 - INFO- deleted 51037932 ocr and json
 2024-02-17 23:23:22,962 - INFO- deleted 51033228 ocr and json
 2024-02-17 23:23:23,046 - INFO- deleted 50972516 ocr and json
 2024-02-17 23:23:23,051 - INFO- deleted 50972515 ocr and json
 2024-02-17 23:23:23,055 - INFO- deleted 50972514 ocr and json
 2024-02-17 23:23:23,074 - INFO- deleted 50952800 ocr and json
 2024-02-17 23:23:23,087 - INFO- deleted 50952804 ocr and json
 2024-02-17 23:23:23,235 - INFO- deleted 51007095 ocr and json
 2024-02-17 23:23:23,276 - INFO- deleted 51007101 ocr and json
 2024-02-17 23:23:23,289 - INFO- deleted 51007100 ocr and json
 2024-02-17 23:23:23,294 - INFO- deleted 51007099 ocr and json
 2024-02-17 23:23:23,298 - INFO- deleted 51007098 ocr and json
 2024-02-17 23:23:23,300 - INFO- deleted 51007096 ocr and json
 2024-02-17 23:23:23,302 - INFO- deleted 51007094 ocr and json
 2024-02-17 23:23:23,303 - INFO- deleted 51007102 ocr and json
 2024-02-17 23:23:23,305 - INFO- deleted 50980058 ocr and json
 2024-02-17 23:23:23,318 - INFO- deleted 50958915 ocr and json
 2024-02-17 23:23:23,347 - INFO- deleted 50952802 ocr and json
 2024-02-17 23:23:23,366 - INFO- deleted 50952776 ocr and json
 2024-02-17 23:23:23,379 - INFO- deleted 50952777 ocr and json
 2024-02-17 23:23:23,387 - INFO- deleted 50952775 ocr and json
 2024-02-17 23:23:23,408 - INFO- deleted 50916759 ocr and json
 2024-02-17 23:23:23,425 - INFO- deleted 50886502 ocr and json
 2024-02-17 23:23:23,427 - INFO- deleted 50886501 ocr and json
 2024-02-17 23:23:23,430 - INFO- deleted 50886503 ocr and json
 2024-02-17 23:23:23,589 - INFO- deleted 50979341 ocr and json
 2024-02-17 23:23:23,599 - INFO- deleted 50958914 ocr and json
 2024-02-17 23:23:23,606 - INFO- deleted 50958916 ocr and json
 2024-02-17 23:23:23,665 - INFO- deleted 50915737 ocr and json
 2024-02-17 23:23:23,773 - INFO- deleted 50899471 ocr and json
 2024-02-17 23:23:23,801 - INFO- deleted 50899475 ocr and json
 2024-02-17 23:23:23,803 - INFO- deleted 50899473 ocr and json
 2024-02-17 23:23:23,901 - INFO- deleted 50891140 ocr and json
 2024-02-17 23:23:23,902 - INFO- deleted 50891138 ocr and json
 2024-02-17 23:23:23,911 - INFO- deleted 50891136 ocr and json
 2024-02-17 23:23:23,915 - INFO- deleted 50891134 ocr and json
 2024-02-17 23:23:23,916 - INFO- deleted 50891132 ocr and json
 2024-02-17 23:23:23,918 - INFO- deleted 50891130 ocr and json
 2024-02-17 23:23:24,058 - INFO- deleted 50884355 ocr and json
 2024-02-17 23:23:24,067 - INFO- deleted 50884354 ocr and json
 2024-02-17 23:23:24,078 - INFO- deleted 50884353 ocr and json
 2024-02-17 23:23:24,131 - INFO- deleted 50896795 ocr and json
 2024-02-17 23:23:24,202 - INFO- deleted 50890883 ocr and json
 2024-02-17 23:23:24,227 - INFO- deleted 50890900 ocr and json
 2024-02-17 23:23:24,229 - INFO- deleted 50890899 ocr and json
 2024-02-17 23:23:24,232 - INFO- deleted 50890898 ocr and json
 2024-02-17 23:23:24,235 - INFO- deleted 50890897 ocr and json
 2024-02-17 23:23:24,237 - INFO- deleted 50890896 ocr and json
 2024-02-17 23:23:24,239 - INFO- deleted 50890895 ocr and json
 2024-02-17 23:23:24,242 - INFO- deleted 50890894 ocr and json
 2024-02-17 23:23:24,256 - INFO- deleted 50890893 ocr and json
 2024-02-17 23:23:24,268 - INFO- deleted 50890892 ocr and json
 2024-02-17 23:23:24,271 - INFO- deleted 50890891 ocr and json
 2024-02-17 23:23:24,273 - INFO- deleted 50890890 ocr and json
 2024-02-17 23:23:24,288 - INFO- deleted 50890889 ocr and json
 2024-02-17 23:23:24,303 - INFO- deleted 50890888 ocr and json
 2024-02-17 23:23:24,308 - INFO- deleted 50890887 ocr and json
 2024-02-17 23:23:24,314 - INFO- deleted 50890886 ocr and json
 2024-02-17 23:23:24,322 - INFO- deleted 50890885 ocr and json
 2024-02-17 23:23:24,333 - INFO- deleted 50890884 ocr and json
 2024-02-17 23:23:24,438 - INFO- deleted 50886711 ocr and json
 2024-02-17 23:23:24,516 - INFO- deleted 50886710 ocr and json
 2024-02-17 23:23:24,659 - INFO- deleted 50886709 ocr and json
 2024-02-17 23:23:24,753 - INFO- deleted 50886708 ocr and json
 2024-02-17 23:23:24,850 - INFO- deleted 50886707 ocr and json
 2024-02-17 23:23:24,925 - INFO- deleted 50886706 ocr and json
 2024-02-17 23:23:25,052 - INFO- deleted 50884244 ocr and json
 2024-02-17 23:23:25,146 - INFO- deleted 50884243 ocr and json
 2024-02-17 23:23:25,277 - INFO- deleted 50884242 ocr and json
 2024-02-17 23:23:25,334 - INFO- deleted 50883029 ocr and json
 2024-02-17 23:23:25,669 - INFO- deleted 50839473 ocr and json
 2024-02-17 23:23:25,700 - INFO- deleted 50839474 ocr and json
 2024-02-17 23:23:25,743 - INFO- deleted 50839475 ocr and json
 2024-02-17 23:23:25,815 - INFO- deleted 50836187 ocr and json
 2024-02-17 23:23:25,832 - INFO- deleted 50836186 ocr and json
 2024-02-17 23:23:25,836 - INFO- deleted 50836185 ocr and json
 2024-02-17 23:23:25,863 - INFO- deleted 50811965 ocr and json
 2024-02-17 23:23:25,869 - INFO- deleted 50811964 ocr and json
 2024-02-17 23:23:25,898 - INFO- deleted 50811963 ocr and json
 2024-02-17 23:23:25,916 - INFO- deleted 50811962 ocr and json
 2024-02-17 23:23:25,926 - INFO- deleted 50811961 ocr and json
 2024-02-17 23:23:25,929 - INFO- deleted 50811960 ocr and json
 2024-02-17 23:23:25,965 - INFO- deleted 50811323 ocr and json
 2024-02-17 23:23:25,967 - INFO- deleted 50811321 ocr and json
 2024-02-17 23:23:25,972 - INFO- deleted 50811322 ocr and json
 2024-02-17 23:23:25,975 - INFO- deleted 50855433 ocr and json
 2024-02-17 23:23:25,976 - INFO- deleted 50844755 ocr and json
 2024-02-17 23:23:25,978 - INFO- deleted 50844729 ocr and json
 2024-02-17 23:23:25,988 - INFO- deleted 50844728 ocr and json
 2024-02-17 23:23:25,999 - INFO- deleted 50836475 ocr and json
 2024-02-17 23:23:26,000 - INFO- deleted 50836474 ocr and json
 2024-02-17 23:23:26,001 - INFO- deleted 50836473 ocr and json
 2024-02-17 23:23:26,003 - INFO- deleted 50836472 ocr and json
 2024-02-17 23:23:26,004 - INFO- deleted 50836471 ocr and json
 2024-02-17 23:23:26,006 - INFO- deleted 50836470 ocr and json
 2024-02-17 23:23:26,020 - INFO- deleted 50836299 ocr and json
 2024-02-17 23:23:26,025 - INFO- deleted 50836298 ocr and json
 2024-02-17 23:23:26,031 - INFO- deleted 50836297 ocr and json
 2024-02-17 23:23:26,186 - INFO- deleted 50811318 ocr and json
 2024-02-17 23:23:26,189 - INFO- deleted 50811320 ocr and json
 2024-02-17 23:23:26,191 - INFO- deleted 50811319 ocr and json
 2024-02-17 23:23:26,197 - INFO- deleted 50756417 ocr and json
 2024-02-17 23:23:26,198 - INFO- deleted 50756416 ocr and json
 2024-02-17 23:23:26,239 - INFO- deleted 50839041 ocr and json
 2024-02-17 23:23:26,374 - INFO- deleted 50774193 ocr and json
 2024-02-17 23:23:26,398 - INFO- deleted 50774195 ocr and json
 2024-02-17 23:23:26,401 - INFO- deleted 50774194 ocr and json
 2024-02-17 23:23:26,422 - INFO- deleted 50773986 ocr and json
 2024-02-17 23:23:26,430 - INFO- deleted 50773997 ocr and json
 2024-02-17 23:23:26,432 - INFO- deleted 50773996 ocr and json
 2024-02-17 23:23:26,433 - INFO- deleted 50773995 ocr and json
 2024-02-17 23:23:26,435 - INFO- deleted 50773994 ocr and json
 2024-02-17 23:23:26,438 - INFO- deleted 50773993 ocr and json
 2024-02-17 23:23:26,441 - INFO- deleted 50773992 ocr and json
 2024-02-17 23:23:26,442 - INFO- deleted 50773991 ocr and json
 2024-02-17 23:23:26,443 - INFO- deleted 50773990 ocr and json
 2024-02-17 23:23:26,445 - INFO- deleted 50773989 ocr and json
 2024-02-17 23:23:26,446 - INFO- deleted 50773988 ocr and json
 2024-02-17 23:23:26,448 - INFO- deleted 50773987 ocr and json
 2024-02-17 23:23:26,594 - INFO- deleted 50790683 ocr and json
 2024-02-17 23:23:26,595 - INFO- deleted 50790682 ocr and json
 2024-02-17 23:23:26,609 - INFO- deleted 50774589 ocr and json
 2024-02-17 23:23:26,621 - INFO- deleted 50774590 ocr and json
 2024-02-17 23:23:26,625 - INFO- deleted 50774588 ocr and json
 2024-02-17 23:23:26,732 - INFO- deleted 50755059 ocr and json
 2024-02-17 23:23:26,773 - INFO- deleted 50662167 ocr and json
 2024-02-17 23:23:26,775 - INFO- deleted 50662178 ocr and json
 2024-02-17 23:23:26,778 - INFO- deleted 50662177 ocr and json
 2024-02-17 23:23:26,779 - INFO- deleted 50662176 ocr and json
 2024-02-17 23:23:26,780 - INFO- deleted 50662175 ocr and json
 2024-02-17 23:23:26,781 - INFO- deleted 50662174 ocr and json
 2024-02-17 23:23:26,783 - INFO- deleted 50662173 ocr and json
 2024-02-17 23:23:26,784 - INFO- deleted 50662172 ocr and json
 2024-02-17 23:23:26,786 - INFO- deleted 50662170 ocr and json
 2024-02-17 23:23:26,787 - INFO- deleted 50662169 ocr and json
 2024-02-17 23:23:26,789 - INFO- deleted 50662168 ocr and json
 2024-02-17 23:23:26,801 - INFO- deleted 50662171 ocr and json
 2024-02-17 23:23:27,012 - INFO- deleted 50725728 ocr and json
 2024-02-17 23:23:27,113 - INFO- deleted 50648392 ocr and json
 2024-02-17 23:23:27,193 - INFO- deleted 50647753 ocr and json
 2024-02-17 23:23:27,208 - INFO- deleted 50647755 ocr and json
 2024-02-17 23:23:27,465 - INFO- deleted 50648391 ocr and json
 2024-02-17 23:23:27,465 - INFO- deleted 50648390 ocr and json
 2024-02-17 23:23:27,465 - INFO- deleted 50647757 ocr and json
 2024-02-17 23:23:27,465 - INFO- deleted 50647751 ocr and json
 2024-02-17 23:23:27,465 - INFO- deleted 50647749 ocr and json
 2024-02-17 23:23:27,533 - INFO- deleted 50647747 ocr and json
 2024-02-17 23:23:27,574 - INFO- deleted 50647745 ocr and json
 2024-02-17 23:23:27,624 - INFO- deleted 50647743 ocr and json
 2024-02-17 23:23:27,644 - INFO- deleted 50647741 ocr and json
 2024-02-17 23:23:27,827 - INFO- deleted 50610840 ocr and json
 2024-02-17 23:23:27,888 - INFO- deleted 50610842 ocr and json
 2024-02-17 23:23:27,965 - INFO- deleted 50610841 ocr and json
 2024-02-17 23:23:27,998 - INFO- deleted 50610883 ocr and json
 2024-02-17 23:23:28,271 - INFO- deleted 50580300 ocr and json
 2024-02-17 23:23:28,295 - INFO- deleted 50580302 ocr and json
 2024-02-17 23:23:28,300 - INFO- deleted 50580301 ocr and json
 2024-02-17 23:23:28,420 - INFO- deleted 50560912 ocr and json
 2024-02-17 23:23:28,428 - INFO- deleted 50560913 ocr and json
 2024-02-17 23:23:28,442 - INFO- deleted 50560914 ocr and json
 2024-02-17 23:23:28,538 - INFO- deleted 50587214 ocr and json
 2024-02-17 23:23:28,544 - INFO- deleted 50587213 ocr and json
 2024-02-17 23:23:28,546 - INFO- deleted 50587212 ocr and json
 2024-02-17 23:23:28,549 - INFO- deleted 50587211 ocr and json
 2024-02-17 23:23:28,552 - INFO- deleted 50567904 ocr and json
 2024-02-17 23:23:28,593 - INFO- deleted 50532455 ocr and json
 2024-02-17 23:23:28,597 - INFO- deleted 50532457 ocr and json
 2024-02-17 23:23:28,602 - INFO- deleted 50532456 ocr and json
 2024-02-17 23:23:28,617 - INFO- deleted 50529167 ocr and json
 2024-02-17 23:23:28,619 - INFO- deleted 50529166 ocr and json
 2024-02-17 23:23:28,630 - INFO- deleted 50529168 ocr and json
 2024-02-17 23:23:28,694 - INFO- deleted 50565289 ocr and json
 2024-02-17 23:23:28,696 - INFO- deleted 50565288 ocr and json
 2024-02-17 23:23:28,697 - INFO- deleted 50565287 ocr and json
 2024-02-17 23:23:28,699 - INFO- deleted 50551047 ocr and json
 2024-02-17 23:23:28,700 - INFO- deleted 50551050 ocr and json
 2024-02-17 23:23:28,702 - INFO- deleted 50551049 ocr and json
 2024-02-17 23:23:28,707 - INFO- deleted 50551048 ocr and json
 2024-02-17 23:23:28,707 - INFO- deleted 50551051 ocr and json
 2024-02-17 23:23:28,711 - INFO- deleted 50551046 ocr and json
 2024-02-17 23:23:28,712 - INFO- deleted 50551045 ocr and json
 2024-02-17 23:23:28,714 - INFO- deleted 50551044 ocr and json
 2024-02-17 23:23:28,715 - INFO- deleted 50551043 ocr and json
 2024-02-17 23:23:29,012 - INFO- deleted 50473098 ocr and json
 2024-02-17 23:23:29,027 - INFO- deleted 50473100 ocr and json
 2024-02-17 23:23:29,027 - INFO- deleted 50473099 ocr and json
 2024-02-17 23:23:29,039 - INFO- deleted 50467464 ocr and json
 2024-02-17 23:23:29,042 - INFO- deleted 50467462 ocr and json
 2024-02-17 23:23:29,045 - INFO- deleted 50467466 ocr and json
 2024-02-17 23:23:29,066 - INFO- deleted 50431083 ocr and json
 2024-02-17 23:23:29,072 - INFO- deleted 50431082 ocr and json
 2024-02-17 23:23:29,074 - INFO- deleted 50431081 ocr and json
 2024-02-17 23:23:29,134 - INFO- deleted 50430048 ocr and json
 2024-02-17 23:23:29,135 - INFO- deleted 50430047 ocr and json
 2024-02-17 23:23:29,136 - INFO- deleted 50430046 ocr and json
 2024-02-17 23:23:29,138 - INFO- deleted 50430045 ocr and json
 2024-02-17 23:23:29,142 - INFO- deleted 50430044 ocr and json
 2024-02-17 23:23:29,144 - INFO- deleted 50430043 ocr and json
 2024-02-17 23:23:29,144 - INFO- deleted 50430042 ocr and json
 2024-02-17 23:23:29,147 - INFO- deleted 50430041 ocr and json
 2024-02-17 23:23:29,148 - INFO- deleted 50430040 ocr and json
 2024-02-17 23:23:29,156 - INFO- deleted 50422294 ocr and json
 2024-02-17 23:23:29,158 - INFO- deleted 50422293 ocr and json
 2024-02-17 23:23:29,160 - INFO- deleted 50422292 ocr and json
 2024-02-17 23:23:29,330 - INFO- deleted 50431013 ocr and json
 2024-02-17 23:23:29,331 - INFO- deleted 50431012 ocr and json
 2024-02-17 23:23:29,332 - INFO- deleted 50431011 ocr and json
 2024-02-17 23:23:29,351 - INFO- deleted 50372905 ocr and json
 2024-02-17 23:23:29,355 - INFO- deleted 50372906 ocr and json
 2024-02-17 23:23:29,357 - INFO- deleted 50372904 ocr and json
 2024-02-17 23:23:29,369 - INFO- deleted 50361719 ocr and json
 2024-02-17 23:23:29,370 - INFO- deleted 50361718 ocr and json
 2024-02-17 23:23:29,372 - INFO- deleted 50361716 ocr and json
 2024-02-17 23:23:29,376 - INFO- deleted 50361715 ocr and json
 2024-02-17 23:23:29,378 - INFO- deleted 50361714 ocr and json
 2024-02-17 23:23:29,387 - INFO- deleted 50361717 ocr and json
 2024-02-17 23:23:29,406 - INFO- deleted 50361513 ocr and json
 2024-02-17 23:23:29,408 - INFO- deleted 50361512 ocr and json
 2024-02-17 23:23:29,410 - INFO- deleted 50361511 ocr and json
 2024-02-17 23:23:29,413 - INFO- deleted 50361510 ocr and json
 2024-02-17 23:23:29,414 - INFO- deleted 50361509 ocr and json
 2024-02-17 23:23:29,416 - INFO- deleted 50361508 ocr and json
 2024-02-17 23:23:29,418 - INFO- deleted 50361507 ocr and json
 2024-02-17 23:23:29,419 - INFO- deleted 50361506 ocr and json
 2024-02-17 23:23:29,424 - INFO- deleted 50361505 ocr and json
 2024-02-17 23:23:29,464 - INFO- deleted 50500166 ocr and json
 2024-02-17 23:23:29,485 - INFO- deleted 50487846 ocr and json
 2024-02-17 23:23:29,492 - INFO- deleted 50436201 ocr and json
 2024-02-17 23:23:29,494 - INFO- deleted 50436202 ocr and json
 2024-02-17 23:23:29,495 - INFO- deleted 50436200 ocr and json
 2024-02-17 23:23:29,578 - INFO- deleted 50344689 ocr and json
 2024-02-17 23:23:29,579 - INFO- deleted 50344688 ocr and json
 2024-02-17 23:23:29,580 - INFO- deleted 50344687 ocr and json
 2024-02-17 23:23:29,605 - INFO- deleted 50484272 ocr and json
 2024-02-17 23:23:29,606 - INFO- deleted 50460695 ocr and json
 2024-02-17 23:23:29,607 - INFO- deleted 50460679 ocr and json
 2024-02-17 23:23:29,612 - INFO- deleted 50412208 ocr and json
 2024-02-17 23:23:29,614 - INFO- deleted 50412206 ocr and json
 2024-02-17 23:23:29,615 - INFO- deleted 50412145 ocr and json
 2024-02-17 23:23:29,752 - INFO- deleted 50413160 ocr and json
 2024-02-17 23:23:29,754 - INFO- deleted 50412310 ocr and json
 2024-02-17 23:23:29,755 - INFO- deleted 50412309 ocr and json
 2024-02-17 23:23:29,756 - INFO- deleted 50412248 ocr and json
 2024-02-17 23:23:29,762 - INFO- deleted 50412207 ocr and json
 2024-02-17 23:23:29,768 - INFO- deleted 50412203 ocr and json
 2024-02-17 23:23:29,771 - INFO- deleted 50412204 ocr and json
 2024-02-17 23:23:29,772 - INFO- deleted 50412146 ocr and json
 2024-02-17 23:23:29,797 - INFO- deleted 50361478 ocr and json
 2024-02-17 23:23:29,799 - INFO- deleted 50360502 ocr and json
 2024-02-17 23:23:29,800 - INFO- deleted 50360503 ocr and json
 2024-02-17 23:23:29,802 - INFO- deleted 50360504 ocr and json
 2024-02-17 23:23:29,803 - INFO- deleted 50350582 ocr and json
 2024-02-17 23:23:29,804 - INFO- deleted 50350581 ocr and json
 2024-02-17 23:23:29,805 - INFO- deleted 50350580 ocr and json
 2024-02-17 23:23:29,806 - INFO- deleted 50350579 ocr and json
 2024-02-17 23:23:29,808 - INFO- deleted 50350578 ocr and json
 2024-02-17 23:23:29,809 - INFO- deleted 50350577 ocr and json
 2024-02-17 23:23:29,814 - INFO- deleted 50350576 ocr and json
 2024-02-17 23:23:29,817 - INFO- deleted 50350575 ocr and json
 2024-02-17 23:23:29,819 - INFO- deleted 50350574 ocr and json
 2024-02-17 23:23:29,820 - INFO- deleted 50349308 ocr and json
 2024-02-17 23:23:29,855 - INFO- deleted 50286472 ocr and json
 2024-02-17 23:23:29,863 - INFO- deleted 50286772 ocr and json
 2024-02-17 23:23:29,864 - INFO- deleted 50286771 ocr and json
 2024-02-17 23:23:29,866 - INFO- deleted 50286770 ocr and json
 2024-02-17 23:23:29,877 - INFO- deleted 50286675 ocr and json
 2024-02-17 23:23:29,880 - INFO- deleted 50286674 ocr and json
 2024-02-17 23:23:29,881 - INFO- deleted 50286673 ocr and json
 2024-02-17 23:23:29,883 - INFO- deleted 50286474 ocr and json
 2024-02-17 23:23:29,884 - INFO- deleted 50286473 ocr and json
 2024-02-17 23:23:29,886 - INFO- deleted 50269514 ocr and json
 2024-02-17 23:23:29,887 - INFO- deleted 50269513 ocr and json
 2024-02-17 23:23:29,891 - INFO- deleted 50269512 ocr and json
 2024-02-17 23:23:30,068 - INFO- deleted 50191147 ocr and json
 2024-02-17 23:23:30,071 - INFO- deleted 50191151 ocr and json
 2024-02-17 23:23:30,072 - INFO- deleted 50191149 ocr and json
 2024-02-17 23:23:30,263 - INFO- deleted 39794603 ocr and json
 2024-02-17 23:23:30,263 - INFO- deleted 39794847 ocr and json
 2024-02-17 23:23:30,265 - INFO- deleted 39794837 ocr and json
 2024-02-17 23:23:30,265 - INFO- deleted 39794835 ocr and json
 2024-02-17 23:23:30,266 - INFO- deleted 39794651 ocr and json
 2024-02-17 23:23:30,279 - INFO- deleted 39794645 ocr and json
 2024-02-17 23:23:30,295 - INFO- deleted 39794859 ocr and json
 2024-02-17 23:23:30,304 - INFO- deleted 39794596 ocr and json
 2024-02-17 23:23:30,306 - INFO- deleted 39794267 ocr and json
 2024-02-17 23:23:30,307 - INFO- deleted 39794258 ocr and json
 2024-02-17 23:23:30,308 - INFO- deleted 39793798 ocr and json
 2024-02-17 23:23:30,309 - INFO- deleted 39793780 ocr and json
 2024-02-17 23:23:30,309 - INFO- deleted 39793748 ocr and json
 2024-02-17 23:23:30,329 - INFO- deleted 39776960 ocr and json
 2024-02-17 23:23:30,333 - INFO- deleted 39777468 ocr and json
 2024-02-17 23:23:30,334 - INFO- deleted 39777467 ocr and json
 2024-02-17 23:23:30,335 - INFO- deleted 39777466 ocr and json
 2024-02-17 23:23:30,336 - INFO- deleted 39777465 ocr and json
 2024-02-17 23:23:30,338 - INFO- deleted 39777464 ocr and json
 2024-02-17 23:23:30,339 - INFO- deleted 39777461 ocr and json
 2024-02-17 23:23:30,339 - INFO- deleted 39777460 ocr and json
 2024-02-17 23:23:30,350 - INFO- deleted 39777458 ocr and json
 2024-02-17 23:23:30,358 - INFO- deleted 39777457 ocr and json
 2024-02-17 23:23:30,364 - INFO- deleted 39777456 ocr and json
 2024-02-17 23:23:30,366 - INFO- deleted 39777453 ocr and json
 2024-02-17 23:23:30,366 - INFO- deleted 39777452 ocr and json
 2024-02-17 23:23:30,368 - INFO- deleted 39777469 ocr and json
 2024-02-17 23:23:30,369 - INFO- deleted 39777449 ocr and json
 2024-02-17 23:23:30,370 - INFO- deleted 39777448 ocr and json
 2024-02-17 23:23:30,371 - INFO- deleted 39777450 ocr and json
 2024-02-17 23:23:30,386 - INFO- deleted 39777445 ocr and json
 2024-02-17 23:23:30,391 - INFO- deleted 39777443 ocr and json
 2024-02-17 23:23:30,400 - INFO- deleted 39777442 ocr and json
 2024-02-17 23:23:30,402 - INFO- deleted 39777441 ocr and json
 2024-02-17 23:23:30,430 - INFO- deleted 39777440 ocr and json
 2024-02-17 23:23:30,440 - INFO- deleted 39777438 ocr and json
 2024-02-17 23:23:30,461 - INFO- deleted 39777437 ocr and json
 2024-02-17 23:23:30,572 - INFO- deleted 39777436 ocr and json
 2024-02-17 23:23:30,594 - INFO- deleted 39777435 ocr and json
 2024-02-17 23:23:30,710 - INFO- deleted 39777434 ocr and json
 2024-02-17 23:23:30,713 - INFO- deleted 39777433 ocr and json
 2024-02-17 23:23:30,714 - INFO- deleted 39777432 ocr and json
 2024-02-17 23:23:30,717 - INFO- deleted 39777431 ocr and json
 2024-02-17 23:23:30,718 - INFO- deleted 39777430 ocr and json
 2024-02-17 23:23:30,719 - INFO- deleted 39777429 ocr and json
 2024-02-17 23:23:30,722 - INFO- deleted 39777427 ocr and json
 2024-02-17 23:23:30,724 - INFO- deleted 39777426 ocr and json
 2024-02-17 23:23:30,725 - INFO- deleted 39777425 ocr and json
 2024-02-17 23:23:30,727 - INFO- deleted 39777423 ocr and json
 2024-02-17 23:23:30,728 - INFO- deleted 39777422 ocr and json
 2024-02-17 23:23:30,729 - INFO- deleted 39777418 ocr and json
 2024-02-17 23:23:30,730 - INFO- deleted 39777417 ocr and json
 2024-02-17 23:23:30,731 - INFO- deleted 39777415 ocr and json
 2024-02-17 23:23:30,732 - INFO- deleted 39777414 ocr and json
 2024-02-17 23:23:30,783 - INFO- deleted 39777413 ocr and json
 2024-02-17 23:23:30,800 - INFO- deleted 39777412 ocr and json
 2024-02-17 23:23:30,817 - INFO- deleted 39777411 ocr and json
 2024-02-17 23:23:30,895 - INFO- deleted 39777409 ocr and json
 2024-02-17 23:23:30,933 - INFO- deleted 39777408 ocr and json
 2024-02-17 23:23:30,961 - INFO- deleted 39777155 ocr and json
 2024-02-17 23:23:30,995 - INFO- deleted 39777113 ocr and json
 2024-02-17 23:23:31,032 - INFO- deleted 39777447 ocr and json
 2024-02-17 23:23:31,053 - INFO- deleted 39734609 ocr and json
 2024-02-17 23:23:31,083 - INFO- deleted 39734607 ocr and json
 2024-02-17 23:23:31,113 - INFO- deleted 39734592 ocr and json
 2024-02-17 23:23:31,118 - INFO- deleted 39734591 ocr and json
 2024-02-17 23:23:31,135 - INFO- deleted 39734590 ocr and json
 2024-02-17 23:23:31,165 - INFO- deleted 39734588 ocr and json
 2024-02-17 23:23:31,176 - INFO- deleted 39734578 ocr and json
 2024-02-17 23:23:31,208 - INFO- deleted 39734571 ocr and json
 2024-02-17 23:23:31,212 - INFO- deleted 39734570 ocr and json
 2024-02-17 23:23:31,221 - INFO- deleted 39734569 ocr and json
 2024-02-17 23:23:31,244 - INFO- deleted 39734568 ocr and json
 2024-02-17 23:23:31,302 - INFO- deleted 39734566 ocr and json
 2024-02-17 23:23:31,338 - INFO- deleted 39734562 ocr and json
 2024-02-17 23:23:31,366 - INFO- deleted 39734561 ocr and json
 2024-02-17 23:23:31,376 - INFO- deleted 39734557 ocr and json
 2024-02-17 23:23:31,379 - INFO- deleted 39734552 ocr and json
 2024-02-17 23:23:31,395 - INFO- deleted 39734549 ocr and json
 2024-02-17 23:23:31,425 - INFO- deleted 39734541 ocr and json
 2024-02-17 23:23:31,449 - INFO- deleted 39734539 ocr and json
 2024-02-17 23:23:31,474 - INFO- deleted 39734537 ocr and json
 2024-02-17 23:23:31,495 - INFO- deleted 39734531 ocr and json
 2024-02-17 23:23:31,526 - INFO- deleted 39734530 ocr and json
 2024-02-17 23:23:31,555 - INFO- deleted 39734516 ocr and json
 2024-02-17 23:23:31,599 - INFO- deleted 39734515 ocr and json
 2024-02-17 23:23:31,675 - INFO- deleted 39734513 ocr and json
 2024-02-17 23:23:31,711 - INFO- deleted 39734512 ocr and json
 2024-02-17 23:23:31,724 - INFO- deleted 39734508 ocr and json
 2024-02-17 23:23:31,728 - INFO- deleted 39734507 ocr and json
 2024-02-17 23:23:31,731 - INFO- deleted 39734496 ocr and json
 2024-02-17 23:23:31,732 - INFO- deleted 39734492 ocr and json
 2024-02-17 23:23:31,746 - INFO- deleted 39734490 ocr and json
 2024-02-17 23:23:31,749 - INFO- deleted 39734489 ocr and json
 2024-02-17 23:23:31,752 - INFO- deleted 39734488 ocr and json
 2024-02-17 23:23:31,753 - INFO- deleted 39734482 ocr and json
 2024-02-17 23:23:31,761 - INFO- deleted 39734479 ocr and json
 2024-02-17 23:23:31,763 - INFO- deleted 39734476 ocr and json
 2024-02-17 23:23:31,765 - INFO- deleted 39734474 ocr and json
 2024-02-17 23:23:31,769 - INFO- deleted 39734470 ocr and json
 2024-02-17 23:23:31,776 - INFO- deleted 39734467 ocr and json
 2024-02-17 23:23:31,778 - INFO- deleted 39734466 ocr and json
 2024-02-17 23:23:31,789 - INFO- deleted 39734465 ocr and json
 2024-02-17 23:23:31,793 - INFO- deleted 39734464 ocr and json
 2024-02-17 23:23:31,799 - INFO- deleted 39734463 ocr and json
 2024-02-17 23:23:31,803 - INFO- deleted 39734460 ocr and json
 2024-02-17 23:23:31,804 - INFO- deleted 39734459 ocr and json
 2024-02-17 23:23:31,806 - INFO- deleted 39734457 ocr and json
 2024-02-17 23:23:31,815 - INFO- deleted 39734456 ocr and json
 2024-02-17 23:23:31,820 - INFO- deleted 39734436 ocr and json
 2024-02-17 23:23:31,827 - INFO- deleted 39734454 ocr and json
 2024-02-17 23:23:31,833 - INFO- deleted 39734452 ocr and json
 2024-02-17 23:23:31,838 - INFO- deleted 39734451 ocr and json
 2024-02-17 23:23:31,849 - INFO- deleted 39734449 ocr and json
 2024-02-17 23:23:31,855 - INFO- deleted 39734448 ocr and json
 2024-02-17 23:23:31,857 - INFO- deleted 39734447 ocr and json
 2024-02-17 23:23:31,864 - INFO- deleted 39734445 ocr and json
 2024-02-17 23:23:31,866 - INFO- deleted 39734442 ocr and json
 2024-02-17 23:23:31,868 - INFO- deleted 39734439 ocr and json
 2024-02-17 23:23:31,869 - INFO- deleted 39734437 ocr and json
 2024-02-17 23:23:31,870 - INFO- deleted 39734455 ocr and json
 2024-02-17 23:23:31,873 - INFO- deleted 39734404 ocr and json
 2024-02-17 23:23:31,878 - INFO- deleted 39734434 ocr and json
 2024-02-17 23:23:31,882 - INFO- deleted 39734432 ocr and json
 2024-02-17 23:23:31,884 - INFO- deleted 39734429 ocr and json
 2024-02-17 23:23:31,885 - INFO- deleted 39734427 ocr and json
 2024-02-17 23:23:31,887 - INFO- deleted 39734426 ocr and json
 2024-02-17 23:23:31,887 - INFO- deleted 39734424 ocr and json
 2024-02-17 23:23:31,890 - INFO- deleted 39734423 ocr and json
 2024-02-17 23:23:31,897 - INFO- deleted 39734420 ocr and json
 2024-02-17 23:23:31,899 - INFO- deleted 39734419 ocr and json
 2024-02-17 23:23:31,900 - INFO- deleted 39734416 ocr and json
 2024-02-17 23:23:31,901 - INFO- deleted 39734412 ocr and json
 2024-02-17 23:23:31,902 - INFO- deleted 39734410 ocr and json
 2024-02-17 23:23:31,908 - INFO- deleted 39734409 ocr and json
 2024-02-17 23:23:31,909 - INFO- deleted 39734407 ocr and json
 2024-02-17 23:23:31,910 - INFO- deleted 39734406 ocr and json
 2024-02-17 23:23:31,913 - INFO- deleted 39734435 ocr and json
 2024-02-17 23:23:31,914 - INFO- deleted 39734402 ocr and json
 2024-02-17 23:23:31,915 - INFO- deleted 39734401 ocr and json
 2024-02-17 23:23:31,916 - INFO- deleted 39734400 ocr and json
 2024-02-17 23:23:31,917 - INFO- deleted 39734397 ocr and json
 2024-02-17 23:23:31,918 - INFO- deleted 39734396 ocr and json
 2024-02-17 23:23:31,919 - INFO- deleted 39734394 ocr and json
 2024-02-17 23:23:31,920 - INFO- deleted 39734392 ocr and json
 2024-02-17 23:23:31,921 - INFO- deleted 39734391 ocr and json
 2024-02-17 23:23:31,923 - INFO- deleted 39734380 ocr and json
 2024-02-17 23:23:31,924 - INFO- deleted 39734373 ocr and json
 2024-02-17 23:23:31,925 - INFO- deleted 39734372 ocr and json
 2024-02-17 23:23:31,926 - INFO- deleted 39734371 ocr and json
 2024-02-17 23:23:31,926 - INFO- deleted 39734370 ocr and json
 2024-02-17 23:23:31,927 - INFO- deleted 39734366 ocr and json
 2024-02-17 23:23:31,928 - INFO- deleted 39734365 ocr and json
 2024-02-17 23:23:31,929 - INFO- deleted 39734301 ocr and json
 2024-02-17 23:23:31,929 - INFO- deleted 39696020 ocr and json
 2024-02-17 23:23:32,013 - INFO- deleted 50050612 ocr and json
 2024-02-17 23:23:32,015 - INFO- deleted 50050618 ocr and json
 2024-02-17 23:23:32,016 - INFO- deleted 50050615 ocr and json
 2024-02-17 23:23:32,022 - INFO- deleted 50049777 ocr and json
 2024-02-17 23:23:32,023 - INFO- deleted 50049776 ocr and json
 2024-02-17 23:23:32,026 - INFO- deleted 50049778 ocr and json
 2024-02-17 23:23:32,309 - INFO- deleted 50205199 ocr and json
 2024-02-17 23:23:32,324 - INFO- deleted 50205198 ocr and json
 2024-02-17 23:23:32,324 - INFO- deleted 50205197 ocr and json
 2024-02-17 23:23:32,324 - INFO- deleted 50205191 ocr and json
 2024-02-17 23:23:32,329 - INFO- deleted 50205190 ocr and json
 2024-02-17 23:23:32,331 - INFO- deleted 50205189 ocr and json
 2024-02-17 23:23:32,357 - INFO- deleted 50186581 ocr and json
 2024-02-17 23:23:32,363 - INFO- deleted 50186582 ocr and json
 2024-02-17 23:23:32,364 - INFO- deleted 50186580 ocr and json
 2024-02-17 23:23:32,366 - INFO- deleted 50167067 ocr and json
 2024-02-17 23:23:32,368 - INFO- deleted 50167066 ocr and json
 2024-02-17 23:23:32,370 - INFO- deleted 50167065 ocr and json
 2024-02-17 23:23:32,371 - INFO- deleted 50167064 ocr and json
 2024-02-17 23:23:32,372 - INFO- deleted 50167057 ocr and json
 2024-02-17 23:23:32,377 - INFO- deleted 50167062 ocr and json
 2024-02-17 23:23:32,379 - INFO- deleted 50167061 ocr and json
 2024-02-17 23:23:32,380 - INFO- deleted 50167060 ocr and json
 2024-02-17 23:23:32,381 - INFO- deleted 50167059 ocr and json
 2024-02-17 23:23:32,384 - INFO- deleted 50167058 ocr and json
 2024-02-17 23:23:32,385 - INFO- deleted 50167063 ocr and json
 2024-02-17 23:23:32,730 - INFO- deleted 50030012 ocr and json
 2024-02-17 23:23:32,756 - INFO- deleted 50030013 ocr and json
 2024-02-17 23:23:32,759 - INFO- deleted 50030011 ocr and json
 2024-02-17 23:23:32,777 - INFO- deleted 50029906 ocr and json
 2024-02-17 23:23:32,780 - INFO- deleted 50029905 ocr and json
 2024-02-17 23:23:32,786 - INFO- deleted 50029904 ocr and json
 2024-02-17 23:23:32,793 - INFO- deleted 50029903 ocr and json
 2024-02-17 23:23:32,794 - INFO- deleted 50029902 ocr and json
 2024-02-17 23:23:32,796 - INFO- deleted 50029901 ocr and json
 2024-02-17 23:23:32,963 - INFO- deleted 50028980 ocr and json
 2024-02-17 23:23:32,965 - INFO- deleted 50028977 ocr and json
 2024-02-17 23:23:32,997 - INFO- deleted 50028974 ocr and json
 2024-02-17 23:23:33,026 - INFO- deleted 50028799 ocr and json
 2024-02-17 23:23:33,052 - INFO- deleted 50028797 ocr and json
 2024-02-17 23:23:33,054 - INFO- deleted 50028794 ocr and json
 2024-02-17 23:23:33,058 - INFO- deleted 50028729 ocr and json
 2024-02-17 23:23:33,061 - INFO- deleted 50028727 ocr and json
 2024-02-17 23:23:33,063 - INFO- deleted 50028725 ocr and json
 2024-02-17 23:23:33,064 - INFO- deleted 50028679 ocr and json
 2024-02-17 23:23:33,066 - INFO- deleted 50028678 ocr and json
 2024-02-17 23:23:33,068 - INFO- deleted 50028677 ocr and json
 2024-02-17 23:23:33,157 - INFO- deleted 50025512 ocr and json
 2024-02-17 23:23:33,162 - INFO- deleted 50025513 ocr and json
 2024-02-17 23:23:33,165 - INFO- deleted 50025514 ocr and json
 2024-02-17 23:23:33,167 - INFO- deleted 50019053 ocr and json
 2024-02-17 23:23:33,385 - INFO- deleted 49998342 ocr and json
 2024-02-17 23:23:33,387 - INFO- deleted 49998341 ocr and json
 2024-02-17 23:23:33,388 - INFO- deleted 49998340 ocr and json
 2024-02-17 23:23:33,648 - INFO- deleted 50158872 ocr and json
 2024-02-17 23:23:33,649 - INFO- deleted 50158916 ocr and json
 2024-02-17 23:23:33,651 - INFO- deleted 50158915 ocr and json
 2024-02-17 23:23:33,652 - INFO- deleted 50158873 ocr and json
 2024-02-17 23:23:33,653 - INFO- deleted 50158917 ocr and json
 2024-02-17 23:23:33,656 - INFO- deleted 50158871 ocr and json
 2024-02-17 23:23:34,043 - INFO- deleted 50146302 ocr and json
 2024-02-17 23:23:34,043 - INFO- deleted 50146301 ocr and json
 2024-02-17 23:23:34,058 - INFO- deleted 50146300 ocr and json
 2024-02-17 23:23:34,094 - INFO- deleted 50139215 ocr and json
 2024-02-17 23:23:34,099 - INFO- deleted 50139217 ocr and json
 2024-02-17 23:23:34,100 - INFO- deleted 50139216 ocr and json
 2024-02-17 23:23:34,279 - INFO- deleted 50107398 ocr and json
 2024-02-17 23:23:34,362 - INFO- deleted 50019128 ocr and json
 2024-02-17 23:23:34,370 - INFO- deleted 50019126 ocr and json
 2024-02-17 23:23:34,433 - INFO- deleted 50019123 ocr and json
 2024-02-17 23:23:34,463 - INFO- deleted 50019122 ocr and json
 2024-02-17 23:23:34,469 - INFO- deleted 50019054 ocr and json
 2024-02-17 23:23:34,613 - INFO- deleted 49998785 ocr and json
 2024-02-17 23:23:34,616 - INFO- deleted 49998782 ocr and json
 2024-02-17 23:23:34,618 - INFO- deleted 49998779 ocr and json
 2024-02-17 23:23:34,629 - INFO- deleted 49998776 ocr and json
 2024-02-17 23:23:34,631 - INFO- deleted 49998773 ocr and json
 2024-02-17 23:23:34,636 - INFO- deleted 49998770 ocr and json
 2024-02-17 23:23:34,652 - INFO- deleted 49998242 ocr and json
 2024-02-17 23:23:34,658 - INFO- deleted 49998499 ocr and json
 2024-02-17 23:23:34,659 - INFO- deleted 49998498 ocr and json
 2024-02-17 23:23:34,661 - INFO- deleted 49998497 ocr and json
 2024-02-17 23:23:34,666 - INFO- deleted 49998448 ocr and json
 2024-02-17 23:23:34,668 - INFO- deleted 49998446 ocr and json
 2024-02-17 23:23:34,674 - INFO- deleted 49998444 ocr and json
 2024-02-17 23:23:34,682 - INFO- deleted 49998246 ocr and json
 2024-02-17 23:23:34,683 - INFO- deleted 49998245 ocr and json
 2024-02-17 23:23:34,690 - INFO- deleted 49998244 ocr and json
 2024-02-17 23:23:34,693 - INFO- deleted 49998243 ocr and json
 2024-02-17 23:23:34,696 - INFO- deleted 49998174 ocr and json
 2024-02-17 23:23:34,700 - INFO- deleted 49998178 ocr and json
 2024-02-17 23:23:34,706 - INFO- deleted 49998176 ocr and json
 2024-02-17 23:23:34,709 - INFO- deleted 49998241 ocr and json
 2024-02-17 23:23:34,980 - INFO- deleted 50133878 ocr and json
 2024-02-17 23:23:35,029 - INFO- deleted 50126853 ocr and json
 2024-02-17 23:23:35,031 - INFO- deleted 50126852 ocr and json
 2024-02-17 23:23:35,032 - INFO- deleted 50126851 ocr and json
 2024-02-17 23:23:35,033 - INFO- deleted 50120322 ocr and json
 2024-02-17 23:23:35,035 - INFO- deleted 50120321 ocr and json
 2024-02-17 23:23:35,037 - INFO- deleted 50120320 ocr and json
 2024-02-17 23:23:35,044 - INFO- deleted 50120256 ocr and json
 2024-02-17 23:23:35,045 - INFO- deleted 50120255 ocr and json
 2024-02-17 23:23:35,048 - INFO- deleted 50120254 ocr and json
 2024-02-17 23:23:35,053 - INFO- deleted 50120202 ocr and json
 2024-02-17 23:23:35,054 - INFO- deleted 50120201 ocr and json
 2024-02-17 23:23:35,055 - INFO- deleted 50120200 ocr and json
 2024-02-17 23:23:35,140 - INFO- deleted 50108961 ocr and json
 2024-02-17 23:23:35,146 - INFO- deleted 50108967 ocr and json
 2024-02-17 23:23:35,147 - INFO- deleted 50108964 ocr and json
 2024-02-17 23:23:35,174 - INFO- deleted 50108112 ocr and json
 2024-02-17 23:23:35,177 - INFO- deleted 50108108 ocr and json
 2024-02-17 23:23:35,180 - INFO- deleted 50108103 ocr and json
 2024-02-17 23:23:35,190 - INFO- deleted 50107408 ocr and json
 2024-02-17 23:23:35,193 - INFO- deleted 50107403 ocr and json
 2024-02-17 23:23:35,414 - INFO- deleted 49985527 ocr and json
 2024-02-17 23:23:35,416 - INFO- deleted 49985528 ocr and json
 2024-02-17 23:23:35,418 - INFO- deleted 49985529 ocr and json
 2024-02-17 23:23:35,421 - INFO- deleted 49982877 ocr and json
 2024-02-17 23:23:35,423 - INFO- deleted 49982876 ocr and json
 2024-02-17 23:23:35,424 - INFO- deleted 49982875 ocr and json
 2024-02-17 23:23:35,455 - INFO- deleted 49971950 ocr and json
 2024-02-17 23:23:35,457 - INFO- deleted 49971949 ocr and json
 2024-02-17 23:23:35,458 - INFO- deleted 49972188 ocr and json
 2024-02-17 23:23:35,462 - INFO- deleted 49972187 ocr and json
 2024-02-17 23:23:35,463 - INFO- deleted 49971951 ocr and json
 2024-02-17 23:23:35,464 - INFO- deleted 49972189 ocr and json
 2024-02-17 23:23:35,547 - INFO- deleted 49963221 ocr and json
 2024-02-17 23:23:35,553 - INFO- deleted 49963230 ocr and json
 2024-02-17 23:23:35,554 - INFO- deleted 49963229 ocr and json
 2024-02-17 23:23:35,555 - INFO- deleted 49963228 ocr and json
 2024-02-17 23:23:35,556 - INFO- deleted 49963227 ocr and json
 2024-02-17 23:23:35,557 - INFO- deleted 49963226 ocr and json
 2024-02-17 23:23:35,561 - INFO- deleted 49963225 ocr and json
 2024-02-17 23:23:35,563 - INFO- deleted 49963224 ocr and json
 2024-02-17 23:23:35,567 - INFO- deleted 49963222 ocr and json
 2024-02-17 23:23:35,586 - INFO- deleted 49952534 ocr and json
 2024-02-17 23:23:35,589 - INFO- deleted 49952535 ocr and json
 2024-02-17 23:23:35,603 - INFO- deleted 49952536 ocr and json
 2024-02-17 23:23:35,610 - INFO- deleted 49950305 ocr and json
 2024-02-17 23:23:35,612 - INFO- deleted 49950304 ocr and json
 2024-02-17 23:23:35,616 - INFO- deleted 49950306 ocr and json
 2024-02-17 23:23:35,809 - INFO- deleted 50101429 ocr and json
 2024-02-17 23:23:35,809 - INFO- deleted 50101427 ocr and json
 2024-02-17 23:23:35,809 - INFO- deleted 50101425 ocr and json
 2024-02-17 23:23:35,901 - INFO- deleted 50078954 ocr and json
 2024-02-17 23:23:35,919 - INFO- deleted 50078953 ocr and json
 2024-02-17 23:23:35,924 - INFO- deleted 50078952 ocr and json
 2024-02-17 23:23:35,989 - INFO- deleted 50078422 ocr and json
 2024-02-17 23:23:36,000 - INFO- deleted 50078499 ocr and json
 2024-02-17 23:23:36,006 - INFO- deleted 50078498 ocr and json
 2024-02-17 23:23:36,019 - INFO- deleted 50078497 ocr and json
 2024-02-17 23:23:36,053 - INFO- deleted 50078424 ocr and json
 2024-02-17 23:23:36,062 - INFO- deleted 50078423 ocr and json
 2024-02-17 23:23:36,986 - INFO- deleted 49936374 ocr and json
 2024-02-17 23:23:37,069 - INFO- deleted 49936373 ocr and json
 2024-02-17 23:23:37,128 - INFO- deleted 49929149 ocr and json
 2024-02-17 23:23:37,264 - INFO- deleted 49929148 ocr and json
 2024-02-17 23:23:37,368 - INFO- deleted 49819946 ocr and json
 2024-02-17 23:23:37,395 - INFO- deleted 49819947 ocr and json
 2024-02-17 23:23:37,475 - INFO- deleted 49819948 ocr and json
 2024-02-17 23:23:37,510 - INFO- deleted 49774777 ocr and json
 2024-02-17 23:23:37,512 - INFO- deleted 49774776 ocr and json
 2024-02-17 23:23:37,515 - INFO- deleted 49774775 ocr and json
 2024-02-17 23:23:37,772 - INFO- deleted 49929153 ocr and json
 2024-02-17 23:23:37,796 - INFO- deleted 49929152 ocr and json
 2024-02-17 23:23:37,825 - INFO- deleted 49929151 ocr and json
 2024-02-17 23:23:37,827 - INFO- deleted 49929150 ocr and json
 2024-02-17 23:23:37,828 - INFO- deleted 49929134 ocr and json
 2024-02-17 23:23:37,829 - INFO- deleted 49924961 ocr and json
 2024-02-17 23:23:37,830 - INFO- deleted 49924960 ocr and json
 2024-02-17 23:23:37,831 - INFO- deleted 49924959 ocr and json
 2024-02-17 23:23:37,831 - INFO- deleted 49908640 ocr and json
 2024-02-17 23:23:37,835 - INFO- deleted 49908642 ocr and json
 2024-02-17 23:23:37,837 - INFO- deleted 49908638 ocr and json
 2024-02-17 23:23:37,838 - INFO- deleted 49907918 ocr and json
 2024-02-17 23:23:37,839 - INFO- deleted 49907916 ocr and json
 2024-02-17 23:23:37,840 - INFO- deleted 49907914 ocr and json
 2024-02-17 23:23:37,841 - INFO- deleted 49907878 ocr and json
 2024-02-17 23:23:37,843 - INFO- deleted 49907877 ocr and json
 2024-02-17 23:23:37,844 - INFO- deleted 49907876 ocr and json
 2024-02-17 23:23:37,845 - INFO- deleted 49893216 ocr and json
 2024-02-17 23:23:37,846 - INFO- deleted 49893214 ocr and json
 2024-02-17 23:23:37,848 - INFO- deleted 49893215 ocr and json
 2024-02-17 23:23:37,849 - INFO- deleted 49892243 ocr and json
 2024-02-17 23:23:37,982 - INFO- deleted 49786625 ocr and json
 2024-02-17 23:23:38,037 - INFO- deleted 49786627 ocr and json
 2024-02-17 23:23:38,095 - INFO- deleted 49786626 ocr and json
 2024-02-17 23:23:38,145 - INFO- deleted 49775119 ocr and json
 2024-02-17 23:23:38,178 - INFO- deleted 49775118 ocr and json
 2024-02-17 23:23:38,278 - INFO- deleted 49775117 ocr and json
 2024-02-17 23:23:38,351 - INFO- deleted 49774880 ocr and json
 2024-02-17 23:23:38,419 - INFO- deleted 49774879 ocr and json
 2024-02-17 23:23:38,465 - INFO- deleted 49774878 ocr and json
 2024-02-17 23:23:38,537 - INFO- deleted 49774625 ocr and json
 2024-02-17 23:23:38,631 - INFO- deleted 49774624 ocr and json
 2024-02-17 23:23:38,699 - INFO- deleted 49774628 ocr and json
 2024-02-17 23:23:38,785 - INFO- deleted 49774627 ocr and json
 2024-02-17 23:23:38,886 - INFO- deleted 49774626 ocr and json
 2024-02-17 23:23:38,945 - INFO- deleted 49774629 ocr and json
 2024-02-17 23:23:39,020 - INFO- deleted 49767943 ocr and json
 2024-02-17 23:23:39,132 - INFO- deleted 49767942 ocr and json
 2024-02-17 23:23:39,215 - INFO- deleted 49767944 ocr and json
 2024-02-17 23:23:39,333 - INFO- deleted 49758626 ocr and json
 2024-02-17 23:23:39,396 - INFO- deleted 49758625 ocr and json
 2024-02-17 23:23:39,450 - INFO- deleted 49758624 ocr and json
 2024-02-17 23:23:39,520 - INFO- deleted 49758623 ocr and json
 2024-02-17 23:23:39,576 - INFO- deleted 49758622 ocr and json
 2024-02-17 23:23:39,632 - INFO- deleted 49758621 ocr and json
 2024-02-17 23:23:39,757 - INFO- deleted 49750208 ocr and json
 2024-02-17 23:23:39,927 - INFO- deleted 49750211 ocr and json
 2024-02-17 23:23:40,025 - INFO- deleted 49750210 ocr and json
 2024-02-17 23:23:40,060 - INFO- deleted 49750209 ocr and json
 2024-02-17 23:23:40,081 - INFO- deleted 49750207 ocr and json
 2024-02-17 23:23:40,113 - INFO- deleted 49750206 ocr and json
 2024-02-17 23:23:40,115 - INFO- deleted 49750205 ocr and json
 2024-02-17 23:23:40,123 - INFO- deleted 49750204 ocr and json
 2024-02-17 23:23:40,140 - INFO- deleted 49750203 ocr and json
